2024-09-24 10:38:16.024 +0530 [debug] ([34mconfigs.js[0m) [31mloaded default configs as "{"updates":{"manifest_url":"https://cdn.freshdev.io/assets/fdk/updates.json","period":24},"log":{"level":"info"},"javascript":{"ecma_version":2020},"request":{"timeout":15000},"global_apps":{"enabled":false},"easel":{"enabled":false}}"[0m
2024-09-24 10:38:16.025 +0530 [debug] ([34mconfigs.js[0m) [31mloaded global configs as "{"request":{"timeout":15000}}"[0m
2024-09-24 10:38:16.026 +0530 [debug] ([34mfile.js[0m) [31mError while requiring /Users/maanaeshswamy/fdkMiddleware/.fdk/configs.json: Cannot find module '/Users/maanaeshswamy/fdkMiddleware/.fdk/configs.json'
Require stack:
- /Users/maanaeshswamy/.nvm/versions/node/v18.20.4/lib/node_modules/fdk/lib/utils/file.js
- /Users/maanaeshswamy/.nvm/versions/node/v18.20.4/lib/node_modules/fdk/lib/configs.js
- /Users/maanaeshswamy/.nvm/versions/node/v18.20.4/lib/node_modules/fdk/lib/logger.js
- /Users/maanaeshswamy/.nvm/versions/node/v18.20.4/lib/node_modules/fdk/index.js[0m
2024-09-24 10:38:16.026 +0530 [debug] ([34mfile.js[0m) [31mError while requiring /Users/maanaeshswamy/fdkMiddleware/.fdk/configs.json: Cannot find module '/Users/maanaeshswamy/fdkMiddleware/.fdk/configs.json'
Require stack:
- /Users/maanaeshswamy/.nvm/versions/node/v18.20.4/lib/node_modules/fdk/lib/utils/file.js
- /Users/maanaeshswamy/.nvm/versions/node/v18.20.4/lib/node_modules/fdk/lib/configs.js
- /Users/maanaeshswamy/.nvm/versions/node/v18.20.4/lib/node_modules/fdk/lib/logger.js
- /Users/maanaeshswamy/.nvm/versions/node/v18.20.4/lib/node_modules/fdk/index.js[0m
2024-09-24 10:38:16.026 +0530 [debug] ([34mconfigs.js[0m) [31mloaded local configs as "{}"[0m
2024-09-24 10:38:16.026 +0530 [debug] ([34mconfigs.js[0m) [31mloaded env configs as "{"updates":{},"log":{},"javascript":{},"request":{"timeout":15000}}"[0m
2024-09-24 10:38:16.026 +0530 [debug] ([34mconfigs.js[0m) [31mloaded resolved configs as "{"updates":{"manifest_url":"https://cdn.freshdev.io/assets/fdk/updates.json","period":24},"log":{"level":"info"},"javascript":{"ecma_version":2020},"request":{"timeout":15000},"global_apps":{"enabled":false},"easel":{"enabled":false}}"[0m
2024-09-24 10:38:16.026 +0530 [debug] ([34mlogger.js[0m) [31mStarting FDK in node v18.20.4 on darwin[0m
2024-09-24 10:38:16.026 +0530 [debug] ([34msequelize.js[0m) [31msetting up sqilite at "/Users/maanaeshswamy/fdkMiddleware/.fdk/store.sqlite"[0m
2024-09-24 10:38:16.026 +0530 [debug] ([34mdata.js[0m) [31mRead {"version_details":{"cli":{"deprecated":{"version":"<9","message":"This FDK version has been deprecated. There will be no further feature updates to this version. For a seamless app-building experience, ensure to move to the latest FDK version. For more information, see https://developers.freshworks.com/docs/app-sdk/v2.3/freshdesk/migration-guide/#migrate-to-the-latest-platform-version."},"forced":{"version":"7.0.0","command":"npm install https://dl.freshdev.io/cli/fdk-7.0.0.tgz -g","message":"Your FDK version has been forced updated to v7.0.0, please visit https://community.developers.freshworks.com/t/fdk-v7-0-announcing-node-js-v12-and-es6-support/3606 to know more"},"latest":{"version":"9.2.0","command":"npm install https://cdn.freshdev.io/fdk/latest.tgz -g","message":"You are on the latest FDK version. For information on the features available as part of this FDK version, see https://developers.freshworks.com/docs/?tab=modules."}},"addon":{"version":"2.0.4","url":"https://cdn.freshdev.io/assets/fdk/addons/addon.zip"}},"last_updated":{"time_stamp":1727000393906}}[0m
2024-09-24 10:38:16.026 +0530 [debug] ([34mupdater.js[0m) [31mlast check more than 24 hours ago, looking for updates again[0m
2024-09-24 10:38:16.132 +0530 [debug] ([34mupdater.js[0m) [31mdownloaded update manifest as {"cli":{"deprecated":{"version":"<9","message":"This FDK version has been deprecated. There will be no further feature updates to this version. For a seamless app-building experience, ensure to move to the latest FDK version. For more information, see https://developers.freshworks.com/docs/app-sdk/v2.3/freshdesk/migration-guide/#migrate-to-the-latest-platform-version."},"forced":{"version":"7.0.0","command":"npm install https://dl.freshdev.io/cli/fdk-7.0.0.tgz -g","message":"Your FDK version has been forced updated to v7.0.0, please visit https://community.developers.freshworks.com/t/fdk-v7-0-announcing-node-js-v12-and-es6-support/3606 to know more"},"latest":{"version":"9.2.0","command":"npm install https://cdn.freshdev.io/fdk/latest.tgz -g","message":"You are on the latest FDK version. For information on the features available as part of this FDK version, see https://developers.freshworks.com/docs/?tab=modules."}},"addon":{"version":"2.0.4","url":"https://cdn.freshdev.io/assets/fdk/addons/addon.zip"}}[0m
2024-09-24 10:38:16.132 +0530 [debug] ([34mdata.js[0m) [31mRead {"version_details":{"cli":{"deprecated":{"version":"<9","message":"This FDK version has been deprecated. There will be no further feature updates to this version. For a seamless app-building experience, ensure to move to the latest FDK version. For more information, see https://developers.freshworks.com/docs/app-sdk/v2.3/freshdesk/migration-guide/#migrate-to-the-latest-platform-version."},"forced":{"version":"7.0.0","command":"npm install https://dl.freshdev.io/cli/fdk-7.0.0.tgz -g","message":"Your FDK version has been forced updated to v7.0.0, please visit https://community.developers.freshworks.com/t/fdk-v7-0-announcing-node-js-v12-and-es6-support/3606 to know more"},"latest":{"version":"9.2.0","command":"npm install https://cdn.freshdev.io/fdk/latest.tgz -g","message":"You are on the latest FDK version. For information on the features available as part of this FDK version, see https://developers.freshworks.com/docs/?tab=modules."}},"addon":{"version":"2.0.4","url":"https://cdn.freshdev.io/assets/fdk/addons/addon.zip"}},"last_updated":{"time_stamp":1727000393906}}[0m
2024-09-24 10:38:16.132 +0530 [debug] ([34mdata.js[0m) [31mRead {"version_details":{"cli":{"deprecated":{"version":"<9","message":"This FDK version has been deprecated. There will be no further feature updates to this version. For a seamless app-building experience, ensure to move to the latest FDK version. For more information, see https://developers.freshworks.com/docs/app-sdk/v2.3/freshdesk/migration-guide/#migrate-to-the-latest-platform-version."},"forced":{"version":"7.0.0","command":"npm install https://dl.freshdev.io/cli/fdk-7.0.0.tgz -g","message":"Your FDK version has been forced updated to v7.0.0, please visit https://community.developers.freshworks.com/t/fdk-v7-0-announcing-node-js-v12-and-es6-support/3606 to know more"},"latest":{"version":"9.2.0","command":"npm install https://cdn.freshdev.io/fdk/latest.tgz -g","message":"You are on the latest FDK version. For information on the features available as part of this FDK version, see https://developers.freshworks.com/docs/?tab=modules."}},"addon":{"version":"2.0.4","url":"https://cdn.freshdev.io/assets/fdk/addons/addon.zip"}},"last_updated":{"time_stamp":1727000393906}}[0m
2024-09-24 10:38:16.133 +0530 [debug] ([34mdata.js[0m) [31mRead {"version_details":{"cli":{"deprecated":{"version":"<9","message":"This FDK version has been deprecated. There will be no further feature updates to this version. For a seamless app-building experience, ensure to move to the latest FDK version. For more information, see https://developers.freshworks.com/docs/app-sdk/v2.3/freshdesk/migration-guide/#migrate-to-the-latest-platform-version."},"forced":{"version":"7.0.0","command":"npm install https://dl.freshdev.io/cli/fdk-7.0.0.tgz -g","message":"Your FDK version has been forced updated to v7.0.0, please visit https://community.developers.freshworks.com/t/fdk-v7-0-announcing-node-js-v12-and-es6-support/3606 to know more"},"latest":{"version":"9.2.0","command":"npm install https://cdn.freshdev.io/fdk/latest.tgz -g","message":"You are on the latest FDK version. For information on the features available as part of this FDK version, see https://developers.freshworks.com/docs/?tab=modules."}},"addon":{"version":"2.0.4","url":"https://cdn.freshdev.io/assets/fdk/addons/addon.zip"}},"last_updated":{"time_stamp":1727000393906}}[0m
2024-09-24 10:38:16.136 +0530 [debug] ([34mindex.js[0m) [31mrunning with opts {}[0m
2024-09-24 10:38:16.141 +0530 [debug] ([34mdata.js[0m) [31mRead {"version_details":{"cli":{"deprecated":{"version":"<9","message":"This FDK version has been deprecated. There will be no further feature updates to this version. For a seamless app-building experience, ensure to move to the latest FDK version. For more information, see https://developers.freshworks.com/docs/app-sdk/v2.3/freshdesk/migration-guide/#migrate-to-the-latest-platform-version."},"forced":{"version":"7.0.0","command":"npm install https://dl.freshdev.io/cli/fdk-7.0.0.tgz -g","message":"Your FDK version has been forced updated to v7.0.0, please visit https://community.developers.freshworks.com/t/fdk-v7-0-announcing-node-js-v12-and-es6-support/3606 to know more"},"latest":{"version":"9.2.0","command":"npm install https://cdn.freshdev.io/fdk/latest.tgz -g","message":"You are on the latest FDK version. For information on the features available as part of this FDK version, see https://developers.freshworks.com/docs/?tab=modules."}},"addon":{"version":"2.0.4","url":"https://cdn.freshdev.io/assets/fdk/addons/addon.zip"}},"last_updated":{"time_stamp":1727154496133}}[0m
2024-09-24 10:38:16.148 +0530 [debug] ([34mcreate.js[0m) [31m'init' called with /Users/maanaeshswamy/fdkMiddleware, undefined, undefined[0m
2024-09-24 10:38:22.122 +0530 [debug] ([34mcreate.js[0m) [31mInitializing template "your_first_serverless_app" for "freshservice".[0m
2024-09-24 10:38:22.141 +0530 [info] A new Freshservice app was successfully created from template "your_first_serverless_app" with the following files.

2024-09-24 10:40:42.322 +0530 [debug] ([34mconfigs.js[0m) [31mloaded default configs as "{"updates":{"manifest_url":"https://cdn.freshdev.io/assets/fdk/updates.json","period":24},"log":{"level":"info"},"javascript":{"ecma_version":2020},"request":{"timeout":15000},"global_apps":{"enabled":false},"easel":{"enabled":false}}"[0m
2024-09-24 10:40:42.325 +0530 [debug] ([34mconfigs.js[0m) [31mloaded global configs as "{"request":{"timeout":15000}}"[0m
2024-09-24 10:40:42.325 +0530 [debug] ([34mconfigs.js[0m) [31mloaded local configs as "{"request":{"timeout":15000}}"[0m
2024-09-24 10:40:42.325 +0530 [debug] ([34mconfigs.js[0m) [31mloaded env configs as "{"updates":{},"log":{},"javascript":{},"request":{"timeout":15000}}"[0m
2024-09-24 10:40:42.326 +0530 [debug] ([34mconfigs.js[0m) [31mloaded resolved configs as "{"updates":{"manifest_url":"https://cdn.freshdev.io/assets/fdk/updates.json","period":24},"log":{"level":"info"},"javascript":{"ecma_version":2020},"request":{"timeout":15000},"global_apps":{"enabled":false},"easel":{"enabled":false}}"[0m
2024-09-24 10:40:42.326 +0530 [debug] ([34mlogger.js[0m) [31mStarting FDK in node v18.20.4 on darwin[0m
2024-09-24 10:40:42.326 +0530 [debug] ([34msequelize.js[0m) [31msetting up sqilite at "/Users/maanaeshswamy/fdkMiddleware/.fdk/store.sqlite"[0m
2024-09-24 10:40:42.326 +0530 [debug] ([34mdata.js[0m) [31mRead {"version_details":{"cli":{"deprecated":{"version":"<9","message":"This FDK version has been deprecated. There will be no further feature updates to this version. For a seamless app-building experience, ensure to move to the latest FDK version. For more information, see https://developers.freshworks.com/docs/app-sdk/v2.3/freshdesk/migration-guide/#migrate-to-the-latest-platform-version."},"forced":{"version":"7.0.0","command":"npm install https://dl.freshdev.io/cli/fdk-7.0.0.tgz -g","message":"Your FDK version has been forced updated to v7.0.0, please visit https://community.developers.freshworks.com/t/fdk-v7-0-announcing-node-js-v12-and-es6-support/3606 to know more"},"latest":{"version":"9.2.0","command":"npm install https://cdn.freshdev.io/fdk/latest.tgz -g","message":"You are on the latest FDK version. For information on the features available as part of this FDK version, see https://developers.freshworks.com/docs/?tab=modules."}},"addon":{"version":"2.0.4","url":"https://cdn.freshdev.io/assets/fdk/addons/addon.zip"}},"last_updated":{"time_stamp":1727154496133}}[0m
2024-09-24 10:40:42.326 +0530 [debug] ([34mupdater.js[0m) [31mlast check less than 24 hours ago, not looking for updates[0m
2024-09-24 10:40:42.327 +0530 [debug] ([34mindex.js[0m) [31mrunning with opts {}[0m
2024-09-24 10:40:42.466 +0530 [debug] ([34mdata.js[0m) [31mRead {"version_details":{"cli":{"deprecated":{"version":"<9","message":"This FDK version has been deprecated. There will be no further feature updates to this version. For a seamless app-building experience, ensure to move to the latest FDK version. For more information, see https://developers.freshworks.com/docs/app-sdk/v2.3/freshdesk/migration-guide/#migrate-to-the-latest-platform-version."},"forced":{"version":"7.0.0","command":"npm install https://dl.freshdev.io/cli/fdk-7.0.0.tgz -g","message":"Your FDK version has been forced updated to v7.0.0, please visit https://community.developers.freshworks.com/t/fdk-v7-0-announcing-node-js-v12-and-es6-support/3606 to know more"},"latest":{"version":"9.2.0","command":"npm install https://cdn.freshdev.io/fdk/latest.tgz -g","message":"You are on the latest FDK version. For information on the features available as part of this FDK version, see https://developers.freshworks.com/docs/?tab=modules."}},"addon":{"version":"2.0.4","url":"https://cdn.freshdev.io/assets/fdk/addons/addon.zip"}},"last_updated":{"time_stamp":1727154496133}}[0m
2024-09-24 10:40:42.467 +0530 [debug] ([34mmanifest.js[0m) [31mReloading manifest with {"platform-version":"2.3","product":{"freshservice":{"events":{"onTicketCreate":{"handler":"onTicketCreateHandler"}}}},"engines":{"node":"18.20.4","fdk":"9.2.0"},"dependencies":{"axios":"0.21.1"}}.[0m
2024-09-24 10:40:42.467 +0530 [debug] ([34mmanifest.js[0m) [31mInferred db,backend as features.[0m
2024-09-24 10:40:42.476 +0530 [debug] ([34mdata.js[0m) [31mRead {"version_details":{"cli":{"deprecated":{"version":"<9","message":"This FDK version has been deprecated. There will be no further feature updates to this version. For a seamless app-building experience, ensure to move to the latest FDK version. For more information, see https://developers.freshworks.com/docs/app-sdk/v2.3/freshdesk/migration-guide/#migrate-to-the-latest-platform-version."},"forced":{"version":"7.0.0","command":"npm install https://dl.freshdev.io/cli/fdk-7.0.0.tgz -g","message":"Your FDK version has been forced updated to v7.0.0, please visit https://community.developers.freshworks.com/t/fdk-v7-0-announcing-node-js-v12-and-es6-support/3606 to know more"},"latest":{"version":"9.2.0","command":"npm install https://cdn.freshdev.io/fdk/latest.tgz -g","message":"You are on the latest FDK version. For information on the features available as part of this FDK version, see https://developers.freshworks.com/docs/?tab=modules."}},"addon":{"version":"2.0.4","url":"https://cdn.freshdev.io/assets/fdk/addons/addon.zip"}},"last_updated":{"time_stamp":1727154496133}}[0m
2024-09-24 10:40:42.611 +0530 [debug] ([34mfile.js[0m) [31mError while requiring /Users/maanaeshswamy/fdkMiddleware/.report.json: Cannot find module '/Users/maanaeshswamy/fdkMiddleware/.report.json'
Require stack:
- /Users/maanaeshswamy/.nvm/versions/node/v18.20.4/lib/node_modules/fdk/lib/utils/file.js
- /Users/maanaeshswamy/.nvm/versions/node/v18.20.4/lib/node_modules/fdk/lib/configs.js
- /Users/maanaeshswamy/.nvm/versions/node/v18.20.4/lib/node_modules/fdk/lib/logger.js
- /Users/maanaeshswamy/.nvm/versions/node/v18.20.4/lib/node_modules/fdk/index.js[0m
2024-09-24 10:40:42.946 +0530 [debug] ([34mdata.js[0m) [31mRead {"version_details":{"cli":{"deprecated":{"version":"<9","message":"This FDK version has been deprecated. There will be no further feature updates to this version. For a seamless app-building experience, ensure to move to the latest FDK version. For more information, see https://developers.freshworks.com/docs/app-sdk/v2.3/freshdesk/migration-guide/#migrate-to-the-latest-platform-version."},"forced":{"version":"7.0.0","command":"npm install https://dl.freshdev.io/cli/fdk-7.0.0.tgz -g","message":"Your FDK version has been forced updated to v7.0.0, please visit https://community.developers.freshworks.com/t/fdk-v7-0-announcing-node-js-v12-and-es6-support/3606 to know more"},"latest":{"version":"9.2.0","command":"npm install https://cdn.freshdev.io/fdk/latest.tgz -g","message":"You are on the latest FDK version. For information on the features available as part of this FDK version, see https://developers.freshworks.com/docs/?tab=modules."}},"addon":{"version":"2.0.4","url":"https://cdn.freshdev.io/assets/fdk/addons/addon.zip"}},"last_updated":{"time_stamp":1727154496133}}[0m
2024-09-24 10:40:43.263 +0530 [debug] ([34mvalidate.js[0m) [31masked to skip the following validations, [0m
2024-09-24 10:40:43.263 +0530 [debug] ([34mvalidate.js[0m) [31mrunning validator actions[0m
2024-09-24 10:40:43.263 +0530 [debug] ([34mvalidate.js[0m) [31mrunning validator requests[0m
2024-09-24 10:40:43.263 +0530 [debug] ([34mvalidate.js[0m) [31mrunning validator app-dir[0m
2024-09-24 10:40:43.263 +0530 [debug] ([34mvalidate.js[0m) [31mrunning validator config-dir[0m
2024-09-24 10:40:43.263 +0530 [debug] ([34mconfig-dir.js[0m) [31mChecking to see if /Users/maanaeshswamy/fdkMiddleware/config/ exists.[0m
2024-09-24 10:40:43.263 +0530 [debug] ([34mconfig-dir.js[0m) [31mFetched the following config files iparams.json[0m
2024-09-24 10:40:43.263 +0530 [debug] ([34mvalidate.js[0m) [31mrunning validator custom-objects[0m
2024-09-24 10:40:43.263 +0530 [debug] ([34mvalidate.js[0m) [31mrunning validator event[0m
2024-09-24 10:40:43.266 +0530 [debug] ([34mevent.js[0m) [31mFound ["onTicketCreateHandler"] as exported functions.[0m
2024-09-24 10:40:43.266 +0530 [debug] ([34mvalidate.js[0m) [31mrunning validator iparam[0m
2024-09-24 10:40:43.267 +0530 [debug] ([34mvalidate.js[0m) [31mrunning validator lint[0m
2024-09-24 10:40:43.267 +0530 [debug] ([34mlint.js[0m) [31mpassed fix flag: undefined[0m
2024-09-24 10:40:43.268 +0530 [debug] ([34mlint.js[0m) [31mRunning the following lints on the file server/lib/handle-response.js : no-caller,no-process-env,complexity,max-nested-callbacks,handle-callback-err,no-eval,no-alert,no-debugger,no-unreachable,no-unpkg-cdn,no-unhandled-promise,no-logging-rejections,no-non-client-request-model,no-deprecated-apis,no-proxy-requests,no-dependency-mismatch,no-empty-function,no-unused-vars[0m
2024-09-24 10:40:43.280 +0530 [debug] ([34mlint.js[0m) [31mRunning the following lints on the file server/server.js : no-caller,no-process-env,complexity,max-nested-callbacks,handle-callback-err,no-eval,no-alert,no-debugger,no-unreachable,no-unpkg-cdn,no-unhandled-promise,no-logging-rejections,no-non-client-request-model,no-deprecated-apis,no-proxy-requests,no-dependency-mismatch,no-empty-function,no-unused-vars[0m
2024-09-24 10:40:43.281 +0530 [debug] ([34mvalidate.js[0m) [31mrunning validator manifest[0m
2024-09-24 10:40:43.281 +0530 [debug] ([34mvalidate.js[0m) [31mskipping validator manifest-dependency[0m
2024-09-24 10:40:43.281 +0530 [debug] ([34mvalidate.js[0m) [31mrunning validator oauth[0m
2024-09-24 10:40:43.281 +0530 [debug] ([34mvalidate.js[0m) [31mskipping validator pkgsize[0m
2024-09-24 10:40:43.281 +0530 [debug] ([34mvalidate.js[0m) [31mrunning validator schema[0m
2024-09-24 10:40:43.282 +0530 [debug] ([34mvalidate.js[0m) [31mrunning validator version-check[0m
2024-09-24 10:40:43.282 +0530 [debug] ([34mvalidate.js[0m) [31mrunning validator app-settings[0m
2024-09-24 10:40:43.283 +0530 [error] The local server could not be started due to the following issue(s):
2024-09-24 10:40:43.283 +0530 [error] [31m✖[39m server/server.js::1: The following dependencies are not used: axios
2024-09-24 10:40:43.283 +0530 [error] 
2024-09-24 10:40:43.286 +0530 [debug] ([34mreport.js[0m) [31mGenerating hash for report.json file[0m
2024-09-24 10:41:15.412 +0530 [debug] ([34mconfigs.js[0m) [31mloaded default configs as "{"updates":{"manifest_url":"https://cdn.freshdev.io/assets/fdk/updates.json","period":24},"log":{"level":"info"},"javascript":{"ecma_version":2020},"request":{"timeout":15000},"global_apps":{"enabled":false},"easel":{"enabled":false}}"[0m
2024-09-24 10:41:15.415 +0530 [debug] ([34mconfigs.js[0m) [31mloaded global configs as "{"request":{"timeout":15000}}"[0m
2024-09-24 10:41:15.415 +0530 [debug] ([34mconfigs.js[0m) [31mloaded local configs as "{"request":{"timeout":15000}}"[0m
2024-09-24 10:41:15.415 +0530 [debug] ([34mconfigs.js[0m) [31mloaded env configs as "{"updates":{},"log":{},"javascript":{},"request":{"timeout":15000}}"[0m
2024-09-24 10:41:15.415 +0530 [debug] ([34mconfigs.js[0m) [31mloaded resolved configs as "{"updates":{"manifest_url":"https://cdn.freshdev.io/assets/fdk/updates.json","period":24},"log":{"level":"info"},"javascript":{"ecma_version":2020},"request":{"timeout":15000},"global_apps":{"enabled":false},"easel":{"enabled":false}}"[0m
2024-09-24 10:41:15.415 +0530 [debug] ([34mlogger.js[0m) [31mStarting FDK in node v18.20.4 on darwin[0m
2024-09-24 10:41:15.415 +0530 [debug] ([34msequelize.js[0m) [31msetting up sqilite at "/Users/maanaeshswamy/fdkMiddleware/.fdk/store.sqlite"[0m
2024-09-24 10:41:15.415 +0530 [debug] ([34mdata.js[0m) [31mRead {"version_details":{"cli":{"deprecated":{"version":"<9","message":"This FDK version has been deprecated. There will be no further feature updates to this version. For a seamless app-building experience, ensure to move to the latest FDK version. For more information, see https://developers.freshworks.com/docs/app-sdk/v2.3/freshdesk/migration-guide/#migrate-to-the-latest-platform-version."},"forced":{"version":"7.0.0","command":"npm install https://dl.freshdev.io/cli/fdk-7.0.0.tgz -g","message":"Your FDK version has been forced updated to v7.0.0, please visit https://community.developers.freshworks.com/t/fdk-v7-0-announcing-node-js-v12-and-es6-support/3606 to know more"},"latest":{"version":"9.2.0","command":"npm install https://cdn.freshdev.io/fdk/latest.tgz -g","message":"You are on the latest FDK version. For information on the features available as part of this FDK version, see https://developers.freshworks.com/docs/?tab=modules."}},"addon":{"version":"2.0.4","url":"https://cdn.freshdev.io/assets/fdk/addons/addon.zip"}},"last_updated":{"time_stamp":1727154496133}}[0m
2024-09-24 10:41:15.415 +0530 [debug] ([34mupdater.js[0m) [31mlast check less than 24 hours ago, not looking for updates[0m
2024-09-24 10:41:15.417 +0530 [debug] ([34mindex.js[0m) [31mrunning with opts {}[0m
2024-09-24 10:41:15.516 +0530 [debug] ([34mdata.js[0m) [31mRead {"version_details":{"cli":{"deprecated":{"version":"<9","message":"This FDK version has been deprecated. There will be no further feature updates to this version. For a seamless app-building experience, ensure to move to the latest FDK version. For more information, see https://developers.freshworks.com/docs/app-sdk/v2.3/freshdesk/migration-guide/#migrate-to-the-latest-platform-version."},"forced":{"version":"7.0.0","command":"npm install https://dl.freshdev.io/cli/fdk-7.0.0.tgz -g","message":"Your FDK version has been forced updated to v7.0.0, please visit https://community.developers.freshworks.com/t/fdk-v7-0-announcing-node-js-v12-and-es6-support/3606 to know more"},"latest":{"version":"9.2.0","command":"npm install https://cdn.freshdev.io/fdk/latest.tgz -g","message":"You are on the latest FDK version. For information on the features available as part of this FDK version, see https://developers.freshworks.com/docs/?tab=modules."}},"addon":{"version":"2.0.4","url":"https://cdn.freshdev.io/assets/fdk/addons/addon.zip"}},"last_updated":{"time_stamp":1727154496133}}[0m
2024-09-24 10:41:15.517 +0530 [debug] ([34mmanifest.js[0m) [31mReloading manifest with {"platform-version":"2.3","product":{"freshservice":{"events":{"onTicketCreate":{"handler":"onTicketCreateHandler"}}}},"engines":{"node":"18.20.4","fdk":"9.2.0"},"dependencies":{"axios":"0.21.1"}}.[0m
2024-09-24 10:41:15.517 +0530 [debug] ([34mmanifest.js[0m) [31mInferred db,backend as features.[0m
2024-09-24 10:41:15.524 +0530 [debug] ([34mdata.js[0m) [31mRead {"version_details":{"cli":{"deprecated":{"version":"<9","message":"This FDK version has been deprecated. There will be no further feature updates to this version. For a seamless app-building experience, ensure to move to the latest FDK version. For more information, see https://developers.freshworks.com/docs/app-sdk/v2.3/freshdesk/migration-guide/#migrate-to-the-latest-platform-version."},"forced":{"version":"7.0.0","command":"npm install https://dl.freshdev.io/cli/fdk-7.0.0.tgz -g","message":"Your FDK version has been forced updated to v7.0.0, please visit https://community.developers.freshworks.com/t/fdk-v7-0-announcing-node-js-v12-and-es6-support/3606 to know more"},"latest":{"version":"9.2.0","command":"npm install https://cdn.freshdev.io/fdk/latest.tgz -g","message":"You are on the latest FDK version. For information on the features available as part of this FDK version, see https://developers.freshworks.com/docs/?tab=modules."}},"addon":{"version":"2.0.4","url":"https://cdn.freshdev.io/assets/fdk/addons/addon.zip"}},"last_updated":{"time_stamp":1727154496133}}[0m
2024-09-24 10:41:15.916 +0530 [debug] ([34mdata.js[0m) [31mRead {"version_details":{"cli":{"deprecated":{"version":"<9","message":"This FDK version has been deprecated. There will be no further feature updates to this version. For a seamless app-building experience, ensure to move to the latest FDK version. For more information, see https://developers.freshworks.com/docs/app-sdk/v2.3/freshdesk/migration-guide/#migrate-to-the-latest-platform-version."},"forced":{"version":"7.0.0","command":"npm install https://dl.freshdev.io/cli/fdk-7.0.0.tgz -g","message":"Your FDK version has been forced updated to v7.0.0, please visit https://community.developers.freshworks.com/t/fdk-v7-0-announcing-node-js-v12-and-es6-support/3606 to know more"},"latest":{"version":"9.2.0","command":"npm install https://cdn.freshdev.io/fdk/latest.tgz -g","message":"You are on the latest FDK version. For information on the features available as part of this FDK version, see https://developers.freshworks.com/docs/?tab=modules."}},"addon":{"version":"2.0.4","url":"https://cdn.freshdev.io/assets/fdk/addons/addon.zip"}},"last_updated":{"time_stamp":1727154496133}}[0m
2024-09-24 10:41:16.203 +0530 [debug] ([34mvalidate.js[0m) [31masked to skip the following validations, [0m
2024-09-24 10:41:16.203 +0530 [debug] ([34mvalidate.js[0m) [31mrunning validator actions[0m
2024-09-24 10:41:16.203 +0530 [debug] ([34mvalidate.js[0m) [31mrunning validator requests[0m
2024-09-24 10:41:16.203 +0530 [debug] ([34mvalidate.js[0m) [31mrunning validator app-dir[0m
2024-09-24 10:41:16.203 +0530 [debug] ([34mvalidate.js[0m) [31mrunning validator config-dir[0m
2024-09-24 10:41:16.203 +0530 [debug] ([34mconfig-dir.js[0m) [31mChecking to see if /Users/maanaeshswamy/fdkMiddleware/config/ exists.[0m
2024-09-24 10:41:16.203 +0530 [debug] ([34mconfig-dir.js[0m) [31mFetched the following config files iparams.json[0m
2024-09-24 10:41:16.203 +0530 [debug] ([34mvalidate.js[0m) [31mrunning validator custom-objects[0m
2024-09-24 10:41:16.203 +0530 [debug] ([34mvalidate.js[0m) [31mrunning validator event[0m
2024-09-24 10:41:16.204 +0530 [debug] ([34mevent.js[0m) [31merror while parsing server file "'import' and 'export' may appear only with 'sourceType: module'"[0m
2024-09-24 10:41:16.205 +0530 [debug] ([34mevent.js[0m) [31mError: Error while parsing file containing serverless functions. Please use the exports section as recommended in the Serverless Apps section of the SDK documentation.
    at Object.getEventsList (/Users/maanaeshswamy/.nvm/versions/node/v18.20.4/lib/node_modules/fdk/lib/utils/event.js:147:11)
    at Object.validate (/Users/maanaeshswamy/.nvm/versions/node/v18.20.4/lib/node_modules/fdk/lib/validations/event.js:90:29)
    at /Users/maanaeshswamy/.nvm/versions/node/v18.20.4/lib/node_modules/fdk/lib/cli/validate.js:40:22
    at Array.map (<anonymous>)
    at Object.run (/Users/maanaeshswamy/.nvm/versions/node/v18.20.4/lib/node_modules/fdk/lib/cli/validate.js:29:34)
    at Object.run (/Users/maanaeshswamy/.nvm/versions/node/v18.20.4/lib/node_modules/fdk/lib/cli/run.js:142:48)
    at Command.<anonymous> (/Users/maanaeshswamy/.nvm/versions/node/v18.20.4/lib/node_modules/fdk/lib/cli/index.js:107:46)
    at Command.listener [as _actionHandler] (/Users/maanaeshswamy/.nvm/versions/node/v18.20.4/lib/node_modules/fdk/node_modules/commander/lib/command.js:482:17)
    at /Users/maanaeshswamy/.nvm/versions/node/v18.20.4/lib/node_modules/fdk/node_modules/commander/lib/command.js:1239:65
    at Command._chainOrCall (/Users/maanaeshswamy/.nvm/versions/node/v18.20.4/lib/node_modules/fdk/node_modules/commander/lib/command.js:1154:12)
    at Command._parseCommand (/Users/maanaeshswamy/.nvm/versions/node/v18.20.4/lib/node_modules/fdk/node_modules/commander/lib/command.js:1239:27)
    at Command._dispatchSubcommand (/Users/maanaeshswamy/.nvm/versions/node/v18.20.4/lib/node_modules/fdk/node_modules/commander/lib/command.js:1060:25)
    at Command._parseCommand (/Users/maanaeshswamy/.nvm/versions/node/v18.20.4/lib/node_modules/fdk/node_modules/commander/lib/command.js:1204:19)
    at Command.parseAsync (/Users/maanaeshswamy/.nvm/versions/node/v18.20.4/lib/node_modules/fdk/node_modules/commander/lib/command.js:917:16)
    at initialize (/Users/maanaeshswamy/.nvm/versions/node/v18.20.4/lib/node_modules/fdk/lib/cli/index.js:204:18)
    at process.processTicksAndRejections (node:internal/process/task_queues:95:5)[0m
2024-09-24 10:41:16.205 +0530 [debug] ([34mvalidate.js[0m) [31mrunning validator iparam[0m
2024-09-24 10:41:16.206 +0530 [debug] ([34mvalidate.js[0m) [31mrunning validator lint[0m
2024-09-24 10:41:16.206 +0530 [debug] ([34mlint.js[0m) [31mpassed fix flag: undefined[0m
2024-09-24 10:41:16.206 +0530 [debug] ([34mlint.js[0m) [31mRunning the following lints on the file server/lib/handle-response.js : no-caller,no-process-env,complexity,max-nested-callbacks,handle-callback-err,no-eval,no-alert,no-debugger,no-unreachable,no-unpkg-cdn,no-unhandled-promise,no-logging-rejections,no-non-client-request-model,no-deprecated-apis,no-proxy-requests,no-dependency-mismatch,no-empty-function,no-unused-vars[0m
2024-09-24 10:41:16.220 +0530 [debug] ([34mlint.js[0m) [31mRunning the following lints on the file server/server.js : no-caller,no-process-env,complexity,max-nested-callbacks,handle-callback-err,no-eval,no-alert,no-debugger,no-unreachable,no-unpkg-cdn,no-unhandled-promise,no-logging-rejections,no-non-client-request-model,no-deprecated-apis,no-proxy-requests,no-dependency-mismatch,no-empty-function,no-unused-vars[0m
2024-09-24 10:41:16.221 +0530 [debug] ([34mvalidate.js[0m) [31mrunning validator manifest[0m
2024-09-24 10:41:16.221 +0530 [debug] ([34mvalidate.js[0m) [31mskipping validator manifest-dependency[0m
2024-09-24 10:41:16.221 +0530 [debug] ([34mvalidate.js[0m) [31mrunning validator oauth[0m
2024-09-24 10:41:16.221 +0530 [debug] ([34mvalidate.js[0m) [31mskipping validator pkgsize[0m
2024-09-24 10:41:16.221 +0530 [debug] ([34mvalidate.js[0m) [31mrunning validator schema[0m
2024-09-24 10:41:16.221 +0530 [debug] ([34mvalidate.js[0m) [31mrunning validator version-check[0m
2024-09-24 10:41:16.221 +0530 [debug] ([34mvalidate.js[0m) [31mrunning validator app-settings[0m
2024-09-24 10:41:16.222 +0530 [error] The local server could not be started due to the following issue(s):
2024-09-24 10:41:16.222 +0530 [error] [31m✖[39m Exception occured while validation: Error while parsing file containing serverless functions. Please use the exports section as recommended in the Serverless Apps section of the SDK documentation.
2024-09-24 10:41:16.222 +0530 [error] [31m✖[39m server/server.js::1: Parsing error: 'import' and 'export' may appear only with 'sourceType: module'
2024-09-24 10:41:16.222 +0530 [error] 
2024-09-24 10:41:16.225 +0530 [debug] ([34mreport.js[0m) [31mGenerating hash for report.json file[0m
2024-09-24 10:45:25.198 +0530 [debug] ([34mconfigs.js[0m) [31mloaded default configs as "{"updates":{"manifest_url":"https://cdn.freshdev.io/assets/fdk/updates.json","period":24},"log":{"level":"info"},"javascript":{"ecma_version":2020},"request":{"timeout":15000},"global_apps":{"enabled":false},"easel":{"enabled":false}}"[0m
2024-09-24 10:45:25.201 +0530 [debug] ([34mconfigs.js[0m) [31mloaded global configs as "{"request":{"timeout":15000}}"[0m
2024-09-24 10:45:25.201 +0530 [debug] ([34mconfigs.js[0m) [31mloaded local configs as "{"request":{"timeout":15000}}"[0m
2024-09-24 10:45:25.201 +0530 [debug] ([34mconfigs.js[0m) [31mloaded env configs as "{"updates":{},"log":{},"javascript":{},"request":{"timeout":15000}}"[0m
2024-09-24 10:45:25.201 +0530 [debug] ([34mconfigs.js[0m) [31mloaded resolved configs as "{"updates":{"manifest_url":"https://cdn.freshdev.io/assets/fdk/updates.json","period":24},"log":{"level":"info"},"javascript":{"ecma_version":2020},"request":{"timeout":15000},"global_apps":{"enabled":false},"easel":{"enabled":false}}"[0m
2024-09-24 10:45:25.201 +0530 [debug] ([34mlogger.js[0m) [31mStarting FDK in node v18.20.4 on darwin[0m
2024-09-24 10:45:25.201 +0530 [debug] ([34msequelize.js[0m) [31msetting up sqilite at "/Users/maanaeshswamy/fdkMiddleware/.fdk/store.sqlite"[0m
2024-09-24 10:45:25.201 +0530 [debug] ([34mdata.js[0m) [31mRead {"version_details":{"cli":{"deprecated":{"version":"<9","message":"This FDK version has been deprecated. There will be no further feature updates to this version. For a seamless app-building experience, ensure to move to the latest FDK version. For more information, see https://developers.freshworks.com/docs/app-sdk/v2.3/freshdesk/migration-guide/#migrate-to-the-latest-platform-version."},"forced":{"version":"7.0.0","command":"npm install https://dl.freshdev.io/cli/fdk-7.0.0.tgz -g","message":"Your FDK version has been forced updated to v7.0.0, please visit https://community.developers.freshworks.com/t/fdk-v7-0-announcing-node-js-v12-and-es6-support/3606 to know more"},"latest":{"version":"9.2.0","command":"npm install https://cdn.freshdev.io/fdk/latest.tgz -g","message":"You are on the latest FDK version. For information on the features available as part of this FDK version, see https://developers.freshworks.com/docs/?tab=modules."}},"addon":{"version":"2.0.4","url":"https://cdn.freshdev.io/assets/fdk/addons/addon.zip"}},"last_updated":{"time_stamp":1727154496133}}[0m
2024-09-24 10:45:25.201 +0530 [debug] ([34mupdater.js[0m) [31mlast check less than 24 hours ago, not looking for updates[0m
2024-09-24 10:45:25.203 +0530 [debug] ([34mindex.js[0m) [31mrunning with opts {}[0m
2024-09-24 10:45:25.299 +0530 [debug] ([34mdata.js[0m) [31mRead {"version_details":{"cli":{"deprecated":{"version":"<9","message":"This FDK version has been deprecated. There will be no further feature updates to this version. For a seamless app-building experience, ensure to move to the latest FDK version. For more information, see https://developers.freshworks.com/docs/app-sdk/v2.3/freshdesk/migration-guide/#migrate-to-the-latest-platform-version."},"forced":{"version":"7.0.0","command":"npm install https://dl.freshdev.io/cli/fdk-7.0.0.tgz -g","message":"Your FDK version has been forced updated to v7.0.0, please visit https://community.developers.freshworks.com/t/fdk-v7-0-announcing-node-js-v12-and-es6-support/3606 to know more"},"latest":{"version":"9.2.0","command":"npm install https://cdn.freshdev.io/fdk/latest.tgz -g","message":"You are on the latest FDK version. For information on the features available as part of this FDK version, see https://developers.freshworks.com/docs/?tab=modules."}},"addon":{"version":"2.0.4","url":"https://cdn.freshdev.io/assets/fdk/addons/addon.zip"}},"last_updated":{"time_stamp":1727154496133}}[0m
2024-09-24 10:45:25.301 +0530 [debug] ([34mmanifest.js[0m) [31mReloading manifest with {"platform-version":"2.3","product":{"freshservice":{"events":{"onTicketCreate":{"handler":"onTicketCreateHandler"}}}},"engines":{"node":"18.20.4","fdk":"9.2.0"},"dependencies":{"axios":"0.21.1"}}.[0m
2024-09-24 10:45:25.301 +0530 [debug] ([34mmanifest.js[0m) [31mInferred db,backend as features.[0m
2024-09-24 10:45:25.309 +0530 [debug] ([34mdata.js[0m) [31mRead {"version_details":{"cli":{"deprecated":{"version":"<9","message":"This FDK version has been deprecated. There will be no further feature updates to this version. For a seamless app-building experience, ensure to move to the latest FDK version. For more information, see https://developers.freshworks.com/docs/app-sdk/v2.3/freshdesk/migration-guide/#migrate-to-the-latest-platform-version."},"forced":{"version":"7.0.0","command":"npm install https://dl.freshdev.io/cli/fdk-7.0.0.tgz -g","message":"Your FDK version has been forced updated to v7.0.0, please visit https://community.developers.freshworks.com/t/fdk-v7-0-announcing-node-js-v12-and-es6-support/3606 to know more"},"latest":{"version":"9.2.0","command":"npm install https://cdn.freshdev.io/fdk/latest.tgz -g","message":"You are on the latest FDK version. For information on the features available as part of this FDK version, see https://developers.freshworks.com/docs/?tab=modules."}},"addon":{"version":"2.0.4","url":"https://cdn.freshdev.io/assets/fdk/addons/addon.zip"}},"last_updated":{"time_stamp":1727154496133}}[0m
2024-09-24 10:45:25.739 +0530 [debug] ([34mdata.js[0m) [31mRead {"version_details":{"cli":{"deprecated":{"version":"<9","message":"This FDK version has been deprecated. There will be no further feature updates to this version. For a seamless app-building experience, ensure to move to the latest FDK version. For more information, see https://developers.freshworks.com/docs/app-sdk/v2.3/freshdesk/migration-guide/#migrate-to-the-latest-platform-version."},"forced":{"version":"7.0.0","command":"npm install https://dl.freshdev.io/cli/fdk-7.0.0.tgz -g","message":"Your FDK version has been forced updated to v7.0.0, please visit https://community.developers.freshworks.com/t/fdk-v7-0-announcing-node-js-v12-and-es6-support/3606 to know more"},"latest":{"version":"9.2.0","command":"npm install https://cdn.freshdev.io/fdk/latest.tgz -g","message":"You are on the latest FDK version. For information on the features available as part of this FDK version, see https://developers.freshworks.com/docs/?tab=modules."}},"addon":{"version":"2.0.4","url":"https://cdn.freshdev.io/assets/fdk/addons/addon.zip"}},"last_updated":{"time_stamp":1727154496133}}[0m
2024-09-24 10:45:26.082 +0530 [debug] ([34mvalidate.js[0m) [31masked to skip the following validations, [0m
2024-09-24 10:45:26.083 +0530 [debug] ([34mvalidate.js[0m) [31mrunning validator actions[0m
2024-09-24 10:45:26.083 +0530 [debug] ([34mvalidate.js[0m) [31mrunning validator requests[0m
2024-09-24 10:45:26.083 +0530 [debug] ([34mvalidate.js[0m) [31mrunning validator app-dir[0m
2024-09-24 10:45:26.083 +0530 [debug] ([34mvalidate.js[0m) [31mrunning validator config-dir[0m
2024-09-24 10:45:26.083 +0530 [debug] ([34mconfig-dir.js[0m) [31mChecking to see if /Users/maanaeshswamy/fdkMiddleware/config/ exists.[0m
2024-09-24 10:45:26.083 +0530 [debug] ([34mconfig-dir.js[0m) [31mFetched the following config files iparams.json[0m
2024-09-24 10:45:26.083 +0530 [debug] ([34mvalidate.js[0m) [31mrunning validator custom-objects[0m
2024-09-24 10:45:26.083 +0530 [debug] ([34mvalidate.js[0m) [31mrunning validator event[0m
2024-09-24 10:45:26.086 +0530 [debug] ([34mevent.js[0m) [31mFound ["onTicketCreateHandler"] as exported functions.[0m
2024-09-24 10:45:26.086 +0530 [debug] ([34mvalidate.js[0m) [31mrunning validator iparam[0m
2024-09-24 10:45:26.087 +0530 [debug] ([34mvalidate.js[0m) [31mrunning validator lint[0m
2024-09-24 10:45:26.087 +0530 [debug] ([34mlint.js[0m) [31mpassed fix flag: undefined[0m
2024-09-24 10:45:26.088 +0530 [debug] ([34mlint.js[0m) [31mRunning the following lints on the file server/lib/handle-response.js : no-caller,no-process-env,complexity,max-nested-callbacks,handle-callback-err,no-eval,no-alert,no-debugger,no-unreachable,no-unpkg-cdn,no-unhandled-promise,no-logging-rejections,no-non-client-request-model,no-deprecated-apis,no-proxy-requests,no-dependency-mismatch,no-empty-function,no-unused-vars[0m
2024-09-24 10:45:26.100 +0530 [debug] ([34mlint.js[0m) [31mRunning the following lints on the file server/server.js : no-caller,no-process-env,complexity,max-nested-callbacks,handle-callback-err,no-eval,no-alert,no-debugger,no-unreachable,no-unpkg-cdn,no-unhandled-promise,no-logging-rejections,no-non-client-request-model,no-deprecated-apis,no-proxy-requests,no-dependency-mismatch,no-empty-function,no-unused-vars[0m
2024-09-24 10:45:26.102 +0530 [debug] ([34mvalidate.js[0m) [31mrunning validator manifest[0m
2024-09-24 10:45:26.102 +0530 [debug] ([34mvalidate.js[0m) [31mskipping validator manifest-dependency[0m
2024-09-24 10:45:26.102 +0530 [debug] ([34mvalidate.js[0m) [31mrunning validator oauth[0m
2024-09-24 10:45:26.102 +0530 [debug] ([34mvalidate.js[0m) [31mskipping validator pkgsize[0m
2024-09-24 10:45:26.102 +0530 [debug] ([34mvalidate.js[0m) [31mrunning validator schema[0m
2024-09-24 10:45:26.102 +0530 [debug] ([34mvalidate.js[0m) [31mrunning validator version-check[0m
2024-09-24 10:45:26.102 +0530 [debug] ([34mvalidate.js[0m) [31mrunning validator app-settings[0m
2024-09-24 10:45:26.103 +0530 [debug] ([34mwatcher.js[0m) [31mPreparing to watch the following files ./config,./manifest.json[0m
2024-09-24 10:45:26.104 +0530 [debug] ([34minstall.js[0m) [31mdependency installer called with {"axios":"0.21.1"}[0m
2024-09-24 10:45:26.144 +0530 [debug] ([34minstall.js[0m) [31mPreparing to install the following dependencies axios@0.21.1[0m
2024-09-24 10:45:26.144 +0530 [info] Installing dependencies...
2024-09-24 10:45:26.905 +0530 [debug] ([34mdata.js[0m) [31mRead {"report_hash":"ed544d1ea8c43a0689ad80014d365e31a818e13aff2faf16cf9bbdb01e634276"}[0m
2024-09-24 10:45:26.905 +0530 [debug] ([34mcustom-objects.js[0m) [31mto force or not? undefined[0m
2024-09-24 10:45:26.905 +0530 [debug] ([34mcustom-objects.js[0m) [31mbeginning to re-sync db[0m
2024-09-24 10:45:26.965 +0530 [debug] ([34mindex.js[0m) [31mloading model at "/Users/maanaeshswamy/.nvm/versions/node/v18.20.4/lib/node_modules/fdk/lib/models/bigint-pivot.js"[0m
2024-09-24 10:45:26.968 +0530 [debug] ([34mindex.js[0m) [31mloading model at "/Users/maanaeshswamy/.nvm/versions/node/v18.20.4/lib/node_modules/fdk/lib/models/entity-field-choice.js"[0m
2024-09-24 10:45:26.968 +0530 [debug] ([34mindex.js[0m) [31mloading model at "/Users/maanaeshswamy/.nvm/versions/node/v18.20.4/lib/node_modules/fdk/lib/models/entity-field.js"[0m
2024-09-24 10:45:26.968 +0530 [debug] ([34mindex.js[0m) [31mloading model at "/Users/maanaeshswamy/.nvm/versions/node/v18.20.4/lib/node_modules/fdk/lib/models/entity.js"[0m
2024-09-24 10:45:26.969 +0530 [debug] ([34mindex.js[0m) [31mloading model at "/Users/maanaeshswamy/.nvm/versions/node/v18.20.4/lib/node_modules/fdk/lib/models/record.js"[0m
2024-09-24 10:45:26.969 +0530 [debug] ([34mindex.js[0m) [31mloading model at "/Users/maanaeshswamy/.nvm/versions/node/v18.20.4/lib/node_modules/fdk/lib/models/string-pivot.js"[0m
2024-09-24 10:45:26.976 +0530 [debug] ([34mdata.js[0m) [31mRead {"report_hash":"ed544d1ea8c43a0689ad80014d365e31a818e13aff2faf16cf9bbdb01e634276"}[0m
2024-09-24 10:45:26.976 +0530 [debug] ([34mcustom-objects.js[0m) [31mupdated local store with latest entity hash[0m
2024-09-24 10:45:26.976 +0530 [info] Starting local testing server at http://*:10001/    
Append 'dev=true' to your Freshservice account URL to start testing    
e.g. https://domain.freshservice.com/helpdesk/tickets/1?dev=true    
Quit the server with Control-C.
2024-09-24 10:45:26.976 +0530 [info] 
To simulate product, app setup, and external events, visit - http://localhost:10001/web/test
2024-09-24 10:45:26.976 +0530 [info] Populating test data with events found in the app
2024-09-24 10:45:34.646 +0530 [debug] ([34miframe.js[0m) [31mChecking is authorized for all oauths [0m
2024-09-24 10:45:34.648 +0530 [debug] ([34mdata.js[0m) [31mRead {"report_hash":"ed544d1ea8c43a0689ad80014d365e31a818e13aff2faf16cf9bbdb01e634276"}[0m
2024-09-24 10:45:34.649 +0530 [debug] ([34miframe.js[0m) [31mResponding to product with {"configs":{},"displayName":"fdkMiddleware","product":{"freshservice":{"events":{"onTicketCreate":{"handler":"onTicketCreateHandler"}}}},"modules":{},"features":["db","backend"],"actions":false,"omni":false,"products":["freshservice"],"platform":"2.3","isInstall":false,"oauth_configs_list":[],"isAuthorized":"NA","v2":[]}[0m
2024-09-24 10:45:34.651 +0530 [debug] ([34mdata.js[0m) [31mRead {"report_hash":"ed544d1ea8c43a0689ad80014d365e31a818e13aff2faf16cf9bbdb01e634276"}[0m
2024-09-24 10:45:34.654 +0530 [debug] ([34miframe.js[0m) [31mChecking is authorized for all oauths [0m
2024-09-24 10:45:34.655 +0530 [debug] ([34mdata.js[0m) [31mRead {"report_hash":"ed544d1ea8c43a0689ad80014d365e31a818e13aff2faf16cf9bbdb01e634276"}[0m
2024-09-24 10:45:34.655 +0530 [debug] ([34miframe.js[0m) [31mResponding to product with {"configs":{},"displayName":"fdkMiddleware","product":{"freshservice":{"events":{"onTicketCreate":{"handler":"onTicketCreateHandler"}}}},"modules":{},"features":["db","backend"],"actions":false,"omni":false,"products":["freshservice"],"platform":"2.3","isInstall":false,"oauth_configs_list":[],"isAuthorized":"NA","v2":[]}[0m
2024-09-24 10:45:36.662 +0530 [debug] ([34mevent.js[0m) [31mFound ["onTicketCreateHandler"] as exported functions.[0m
2024-09-24 10:45:39.287 +0530 [debug] ([34mdata.js[0m) [31mRead {"report_hash":"ed544d1ea8c43a0689ad80014d365e31a818e13aff2faf16cf9bbdb01e634276"}[0m
2024-09-24 10:45:39.287 +0530 [debug] ([34mbeevents.js[0m) [31mUsing {} as iparams for testing.[0m
2024-09-24 10:45:39.288 +0530 [debug] ([34mdata.js[0m) [31mRead {"report_hash":"ed544d1ea8c43a0689ad80014d365e31a818e13aff2faf16cf9bbdb01e634276"}[0m
2024-09-24 10:45:39.288 +0530 [debug] ([34mbeevents.js[0m) [31mUsing {} as app settings for testing.[0m
2024-09-24 10:45:39.288 +0530 [debug] ([34mbeevents.js[0m) [31mCalling event handler with {"categoryName":"productEvent","categoryArgs":{"methodName":"onTicketCreate","methodParams":{"account_id":"1","domain":"sample.freshservice.com","timestamp":1496400354326,"region":"US","event":"onTicketCreate","data":{"ticket":{"subject":"Support Needed...","description":"<div>Some details on the issue ..</div>","is_description_html_truncated":false,"description_text":"Some details on the issue ...","is_description_text_truncated":false,"due_by":"2015-07-14T13:08:06Z","fr_due_by":"2015-07-14T13:08:06Z","fr_escalated":false,"is_escalated":false,"fwd_emails":["charles@freshservice.com","diana@freshservice.com"],"reply_cc_emails":["charles@freshservice.com","diana@freshservice.com"],"email_config_id":77123,"id":1,"group_id":351,"group_name":"Service Desk","department_id":2,"department_name":"HR","requester_id":5483,"requester_name":"Rachel","responder_id":320,"responder_email":"andrea@freshservice.com","responder_name":"Andrea","status":2,"status_name":"Open","priority":1,"priority_name":"Low","urgency":1,"urgency_name":"Low","impact":1,"impact_name":"Low","type":1,"type_name":"Incident","tags":["sales","marketing"],"spam":false,"source":2,"source_name":"Portal","category":"Hardware","sub_category":"Laptop","item_category":"Mac","cc_emails":["ram@freshservice.com","diana@freshservice.com"],"created_at":"2015-07-09T13:08:06Z","updated_at":"2015-07-09T13:08:06Z","attachments":[{"name":"sample.jpg","attachment_url":"https://s3.amazonaws.com/cdn.freshservice.com/data/helpdesk/attachments/production/9019290053/original/sample.jpg"}],"problem":{"id":1223,"name":"Problem in..."},"change":{"id":13442,"name":"Change for..."},"associated_changes":[{"id":1234,"name":"Test change 1234"},{"id":5678,"name":"Test change 5678"}],"assets":[{"asset_id":1,"asset_name":"Laptop","asset_impact":"High"}],"custom_fields":[{"name":"Org code","label":"Org code","column":"ffs_04","type":"dropdown","value":"XMO_12"},{"name":"RCA","label":"RCA","column":"ffs_05","type":"dropdown","value":"fix steps were..."}],"workspace_id":2,"workspace_name":"IT"},"requester":{"id":5483,"name":"Rachel","email":"rachel@freshservice.com","mobile":7654367287,"phone":4352789885,"language":"en","created_at":"2015-03-28T09:08:16Z"},"actor":{"profile_id":27000015175}},"iparams":{},"app_settings":{}}}}[0m
2024-09-24 10:45:39.289 +0530 [debug] ([34mcoverage.js[0m) [31mInstrumenting /Users/maanaeshswamy/fdkMiddleware/server/server.js[0m
2024-09-24 10:45:39.393 +0530 [error] Error: connect ECONNREFUSED ::1:3000
    at TCPConnectWrap.afterConnect [as oncomplete] (node:net:1555:16)
2024-09-24 10:46:11.623 +0530 [debug] ([34mconfigs.js[0m) [31mloaded default configs as "{"updates":{"manifest_url":"https://cdn.freshdev.io/assets/fdk/updates.json","period":24},"log":{"level":"info"},"javascript":{"ecma_version":2020},"request":{"timeout":15000},"global_apps":{"enabled":false},"easel":{"enabled":false}}"[0m
2024-09-24 10:46:11.624 +0530 [debug] ([34mconfigs.js[0m) [31mloaded global configs as "{"request":{"timeout":15000}}"[0m
2024-09-24 10:46:11.624 +0530 [debug] ([34mconfigs.js[0m) [31mloaded local configs as "{"request":{"timeout":15000}}"[0m
2024-09-24 10:46:11.625 +0530 [debug] ([34mconfigs.js[0m) [31mloaded env configs as "{"updates":{},"log":{},"javascript":{},"request":{"timeout":15000}}"[0m
2024-09-24 10:46:11.625 +0530 [debug] ([34mconfigs.js[0m) [31mloaded resolved configs as "{"updates":{"manifest_url":"https://cdn.freshdev.io/assets/fdk/updates.json","period":24},"log":{"level":"info"},"javascript":{"ecma_version":2020},"request":{"timeout":15000},"global_apps":{"enabled":false},"easel":{"enabled":false}}"[0m
2024-09-24 10:46:11.625 +0530 [debug] ([34mlogger.js[0m) [31mStarting FDK in node v18.20.4 on darwin[0m
2024-09-24 10:46:11.625 +0530 [debug] ([34msequelize.js[0m) [31msetting up sqilite at "/Users/maanaeshswamy/fdkMiddleware/.fdk/store.sqlite"[0m
2024-09-24 10:46:11.625 +0530 [debug] ([34mdata.js[0m) [31mRead {"version_details":{"cli":{"deprecated":{"version":"<9","message":"This FDK version has been deprecated. There will be no further feature updates to this version. For a seamless app-building experience, ensure to move to the latest FDK version. For more information, see https://developers.freshworks.com/docs/app-sdk/v2.3/freshdesk/migration-guide/#migrate-to-the-latest-platform-version."},"forced":{"version":"7.0.0","command":"npm install https://dl.freshdev.io/cli/fdk-7.0.0.tgz -g","message":"Your FDK version has been forced updated to v7.0.0, please visit https://community.developers.freshworks.com/t/fdk-v7-0-announcing-node-js-v12-and-es6-support/3606 to know more"},"latest":{"version":"9.2.0","command":"npm install https://cdn.freshdev.io/fdk/latest.tgz -g","message":"You are on the latest FDK version. For information on the features available as part of this FDK version, see https://developers.freshworks.com/docs/?tab=modules."}},"addon":{"version":"2.0.4","url":"https://cdn.freshdev.io/assets/fdk/addons/addon.zip"}},"last_updated":{"time_stamp":1727154496133}}[0m
2024-09-24 10:46:11.625 +0530 [debug] ([34mupdater.js[0m) [31mlast check less than 24 hours ago, not looking for updates[0m
2024-09-24 10:46:11.626 +0530 [debug] ([34mindex.js[0m) [31mrunning with opts {}[0m
2024-09-24 10:46:11.719 +0530 [debug] ([34mdata.js[0m) [31mRead {"version_details":{"cli":{"deprecated":{"version":"<9","message":"This FDK version has been deprecated. There will be no further feature updates to this version. For a seamless app-building experience, ensure to move to the latest FDK version. For more information, see https://developers.freshworks.com/docs/app-sdk/v2.3/freshdesk/migration-guide/#migrate-to-the-latest-platform-version."},"forced":{"version":"7.0.0","command":"npm install https://dl.freshdev.io/cli/fdk-7.0.0.tgz -g","message":"Your FDK version has been forced updated to v7.0.0, please visit https://community.developers.freshworks.com/t/fdk-v7-0-announcing-node-js-v12-and-es6-support/3606 to know more"},"latest":{"version":"9.2.0","command":"npm install https://cdn.freshdev.io/fdk/latest.tgz -g","message":"You are on the latest FDK version. For information on the features available as part of this FDK version, see https://developers.freshworks.com/docs/?tab=modules."}},"addon":{"version":"2.0.4","url":"https://cdn.freshdev.io/assets/fdk/addons/addon.zip"}},"last_updated":{"time_stamp":1727154496133}}[0m
2024-09-24 10:46:11.721 +0530 [debug] ([34mmanifest.js[0m) [31mReloading manifest with {"platform-version":"2.3","product":{"freshservice":{"events":{"onTicketCreate":{"handler":"onTicketCreateHandler"}}}},"engines":{"node":"18.20.4","fdk":"9.2.0"},"dependencies":{"axios":"0.21.1"}}.[0m
2024-09-24 10:46:11.721 +0530 [debug] ([34mmanifest.js[0m) [31mInferred db,backend as features.[0m
2024-09-24 10:46:11.730 +0530 [debug] ([34mdata.js[0m) [31mRead {"version_details":{"cli":{"deprecated":{"version":"<9","message":"This FDK version has been deprecated. There will be no further feature updates to this version. For a seamless app-building experience, ensure to move to the latest FDK version. For more information, see https://developers.freshworks.com/docs/app-sdk/v2.3/freshdesk/migration-guide/#migrate-to-the-latest-platform-version."},"forced":{"version":"7.0.0","command":"npm install https://dl.freshdev.io/cli/fdk-7.0.0.tgz -g","message":"Your FDK version has been forced updated to v7.0.0, please visit https://community.developers.freshworks.com/t/fdk-v7-0-announcing-node-js-v12-and-es6-support/3606 to know more"},"latest":{"version":"9.2.0","command":"npm install https://cdn.freshdev.io/fdk/latest.tgz -g","message":"You are on the latest FDK version. For information on the features available as part of this FDK version, see https://developers.freshworks.com/docs/?tab=modules."}},"addon":{"version":"2.0.4","url":"https://cdn.freshdev.io/assets/fdk/addons/addon.zip"}},"last_updated":{"time_stamp":1727154496133}}[0m
2024-09-24 10:46:12.155 +0530 [debug] ([34mdata.js[0m) [31mRead {"version_details":{"cli":{"deprecated":{"version":"<9","message":"This FDK version has been deprecated. There will be no further feature updates to this version. For a seamless app-building experience, ensure to move to the latest FDK version. For more information, see https://developers.freshworks.com/docs/app-sdk/v2.3/freshdesk/migration-guide/#migrate-to-the-latest-platform-version."},"forced":{"version":"7.0.0","command":"npm install https://dl.freshdev.io/cli/fdk-7.0.0.tgz -g","message":"Your FDK version has been forced updated to v7.0.0, please visit https://community.developers.freshworks.com/t/fdk-v7-0-announcing-node-js-v12-and-es6-support/3606 to know more"},"latest":{"version":"9.2.0","command":"npm install https://cdn.freshdev.io/fdk/latest.tgz -g","message":"You are on the latest FDK version. For information on the features available as part of this FDK version, see https://developers.freshworks.com/docs/?tab=modules."}},"addon":{"version":"2.0.4","url":"https://cdn.freshdev.io/assets/fdk/addons/addon.zip"}},"last_updated":{"time_stamp":1727154496133}}[0m
2024-09-24 10:46:12.450 +0530 [debug] ([34mvalidate.js[0m) [31masked to skip the following validations, [0m
2024-09-24 10:46:12.450 +0530 [debug] ([34mvalidate.js[0m) [31mrunning validator actions[0m
2024-09-24 10:46:12.450 +0530 [debug] ([34mvalidate.js[0m) [31mrunning validator requests[0m
2024-09-24 10:46:12.450 +0530 [debug] ([34mvalidate.js[0m) [31mrunning validator app-dir[0m
2024-09-24 10:46:12.451 +0530 [debug] ([34mvalidate.js[0m) [31mrunning validator config-dir[0m
2024-09-24 10:46:12.451 +0530 [debug] ([34mconfig-dir.js[0m) [31mChecking to see if /Users/maanaeshswamy/fdkMiddleware/config/ exists.[0m
2024-09-24 10:46:12.451 +0530 [debug] ([34mconfig-dir.js[0m) [31mFetched the following config files iparams.json[0m
2024-09-24 10:46:12.451 +0530 [debug] ([34mvalidate.js[0m) [31mrunning validator custom-objects[0m
2024-09-24 10:46:12.451 +0530 [debug] ([34mvalidate.js[0m) [31mrunning validator event[0m
2024-09-24 10:46:12.454 +0530 [debug] ([34mevent.js[0m) [31mFound ["onTicketCreateHandler"] as exported functions.[0m
2024-09-24 10:46:12.454 +0530 [debug] ([34mvalidate.js[0m) [31mrunning validator iparam[0m
2024-09-24 10:46:12.455 +0530 [debug] ([34mvalidate.js[0m) [31mrunning validator lint[0m
2024-09-24 10:46:12.455 +0530 [debug] ([34mlint.js[0m) [31mpassed fix flag: undefined[0m
2024-09-24 10:46:12.455 +0530 [debug] ([34mlint.js[0m) [31mRunning the following lints on the file server/lib/handle-response.js : no-caller,no-process-env,complexity,max-nested-callbacks,handle-callback-err,no-eval,no-alert,no-debugger,no-unreachable,no-unpkg-cdn,no-unhandled-promise,no-logging-rejections,no-non-client-request-model,no-deprecated-apis,no-proxy-requests,no-dependency-mismatch,no-empty-function,no-unused-vars[0m
2024-09-24 10:46:12.467 +0530 [debug] ([34mlint.js[0m) [31mRunning the following lints on the file server/server.js : no-caller,no-process-env,complexity,max-nested-callbacks,handle-callback-err,no-eval,no-alert,no-debugger,no-unreachable,no-unpkg-cdn,no-unhandled-promise,no-logging-rejections,no-non-client-request-model,no-deprecated-apis,no-proxy-requests,no-dependency-mismatch,no-empty-function,no-unused-vars[0m
2024-09-24 10:46:12.469 +0530 [debug] ([34mvalidate.js[0m) [31mrunning validator manifest[0m
2024-09-24 10:46:12.469 +0530 [debug] ([34mvalidate.js[0m) [31mskipping validator manifest-dependency[0m
2024-09-24 10:46:12.469 +0530 [debug] ([34mvalidate.js[0m) [31mrunning validator oauth[0m
2024-09-24 10:46:12.469 +0530 [debug] ([34mvalidate.js[0m) [31mskipping validator pkgsize[0m
2024-09-24 10:46:12.469 +0530 [debug] ([34mvalidate.js[0m) [31mrunning validator schema[0m
2024-09-24 10:46:12.469 +0530 [debug] ([34mvalidate.js[0m) [31mrunning validator version-check[0m
2024-09-24 10:46:12.469 +0530 [debug] ([34mvalidate.js[0m) [31mrunning validator app-settings[0m
2024-09-24 10:46:12.470 +0530 [debug] ([34mwatcher.js[0m) [31mPreparing to watch the following files ./config,./manifest.json[0m
2024-09-24 10:46:12.472 +0530 [debug] ([34minstall.js[0m) [31mdependency installer called with {"axios":"0.21.1"}[0m
2024-09-24 10:46:12.501 +0530 [debug] ([34minstall.js[0m) [31mPreparing to install the following dependencies axios@0.21.1[0m
2024-09-24 10:46:12.501 +0530 [info] Installing dependencies...
2024-09-24 10:46:12.955 +0530 [debug] ([34mdata.js[0m) [31mRead {"report_hash":"625aaf5649652741dee6152a35b6daa1d51776ec4a2b67a8d38ce9d5a1b88408"}[0m
2024-09-24 10:46:12.955 +0530 [debug] ([34mcustom-objects.js[0m) [31mto force or not? undefined[0m
2024-09-24 10:46:12.955 +0530 [debug] ([34mcustom-objects.js[0m) [31mbeginning to re-sync db[0m
2024-09-24 10:46:13.019 +0530 [debug] ([34mindex.js[0m) [31mloading model at "/Users/maanaeshswamy/.nvm/versions/node/v18.20.4/lib/node_modules/fdk/lib/models/bigint-pivot.js"[0m
2024-09-24 10:46:13.020 +0530 [debug] ([34mindex.js[0m) [31mloading model at "/Users/maanaeshswamy/.nvm/versions/node/v18.20.4/lib/node_modules/fdk/lib/models/entity-field-choice.js"[0m
2024-09-24 10:46:13.020 +0530 [debug] ([34mindex.js[0m) [31mloading model at "/Users/maanaeshswamy/.nvm/versions/node/v18.20.4/lib/node_modules/fdk/lib/models/entity-field.js"[0m
2024-09-24 10:46:13.021 +0530 [debug] ([34mindex.js[0m) [31mloading model at "/Users/maanaeshswamy/.nvm/versions/node/v18.20.4/lib/node_modules/fdk/lib/models/entity.js"[0m
2024-09-24 10:46:13.021 +0530 [debug] ([34mindex.js[0m) [31mloading model at "/Users/maanaeshswamy/.nvm/versions/node/v18.20.4/lib/node_modules/fdk/lib/models/record.js"[0m
2024-09-24 10:46:13.021 +0530 [debug] ([34mindex.js[0m) [31mloading model at "/Users/maanaeshswamy/.nvm/versions/node/v18.20.4/lib/node_modules/fdk/lib/models/string-pivot.js"[0m
2024-09-24 10:46:13.027 +0530 [debug] ([34mdata.js[0m) [31mRead {"report_hash":"625aaf5649652741dee6152a35b6daa1d51776ec4a2b67a8d38ce9d5a1b88408"}[0m
2024-09-24 10:46:13.027 +0530 [debug] ([34mcustom-objects.js[0m) [31mupdated local store with latest entity hash[0m
2024-09-24 10:46:13.028 +0530 [info] Starting local testing server at http://*:10001/    
Append 'dev=true' to your Freshservice account URL to start testing    
e.g. https://domain.freshservice.com/helpdesk/tickets/1?dev=true    
Quit the server with Control-C.
2024-09-24 10:46:13.028 +0530 [info] 
To simulate product, app setup, and external events, visit - http://localhost:10001/web/test
2024-09-24 10:46:13.028 +0530 [info] Populating test data with events found in the app
2024-09-24 10:46:16.856 +0530 [debug] ([34miframe.js[0m) [31mChecking is authorized for all oauths [0m
2024-09-24 10:46:16.857 +0530 [debug] ([34mdata.js[0m) [31mRead {"report_hash":"625aaf5649652741dee6152a35b6daa1d51776ec4a2b67a8d38ce9d5a1b88408"}[0m
2024-09-24 10:46:16.861 +0530 [debug] ([34miframe.js[0m) [31mResponding to product with {"configs":{},"displayName":"fdkMiddleware","product":{"freshservice":{"events":{"onTicketCreate":{"handler":"onTicketCreateHandler"}}}},"modules":{},"features":["db","backend"],"actions":false,"omni":false,"products":["freshservice"],"platform":"2.3","isInstall":false,"oauth_configs_list":[],"isAuthorized":"NA","v2":[]}[0m
2024-09-24 10:46:16.866 +0530 [debug] ([34mdata.js[0m) [31mRead {"report_hash":"625aaf5649652741dee6152a35b6daa1d51776ec4a2b67a8d38ce9d5a1b88408"}[0m
2024-09-24 10:46:16.870 +0530 [debug] ([34miframe.js[0m) [31mChecking is authorized for all oauths [0m
2024-09-24 10:46:16.871 +0530 [debug] ([34mdata.js[0m) [31mRead {"report_hash":"625aaf5649652741dee6152a35b6daa1d51776ec4a2b67a8d38ce9d5a1b88408"}[0m
2024-09-24 10:46:16.871 +0530 [debug] ([34miframe.js[0m) [31mResponding to product with {"configs":{},"displayName":"fdkMiddleware","product":{"freshservice":{"events":{"onTicketCreate":{"handler":"onTicketCreateHandler"}}}},"modules":{},"features":["db","backend"],"actions":false,"omni":false,"products":["freshservice"],"platform":"2.3","isInstall":false,"oauth_configs_list":[],"isAuthorized":"NA","v2":[]}[0m
2024-09-24 10:46:17.202 +0530 [debug] ([34miframe.js[0m) [31mChecking is authorized for all oauths [0m
2024-09-24 10:46:17.203 +0530 [debug] ([34mdata.js[0m) [31mRead {"report_hash":"625aaf5649652741dee6152a35b6daa1d51776ec4a2b67a8d38ce9d5a1b88408"}[0m
2024-09-24 10:46:17.204 +0530 [debug] ([34miframe.js[0m) [31mResponding to product with {"configs":{},"displayName":"fdkMiddleware","product":{"freshservice":{"events":{"onTicketCreate":{"handler":"onTicketCreateHandler"}}}},"modules":{},"features":["db","backend"],"actions":false,"omni":false,"products":["freshservice"],"platform":"2.3","isInstall":false,"oauth_configs_list":[],"isAuthorized":"NA","v2":[]}[0m
2024-09-24 10:46:17.206 +0530 [debug] ([34mdata.js[0m) [31mRead {"report_hash":"625aaf5649652741dee6152a35b6daa1d51776ec4a2b67a8d38ce9d5a1b88408"}[0m
2024-09-24 10:46:17.208 +0530 [debug] ([34miframe.js[0m) [31mChecking is authorized for all oauths [0m
2024-09-24 10:46:17.209 +0530 [debug] ([34mdata.js[0m) [31mRead {"report_hash":"625aaf5649652741dee6152a35b6daa1d51776ec4a2b67a8d38ce9d5a1b88408"}[0m
2024-09-24 10:46:17.209 +0530 [debug] ([34miframe.js[0m) [31mResponding to product with {"configs":{},"displayName":"fdkMiddleware","product":{"freshservice":{"events":{"onTicketCreate":{"handler":"onTicketCreateHandler"}}}},"modules":{},"features":["db","backend"],"actions":false,"omni":false,"products":["freshservice"],"platform":"2.3","isInstall":false,"oauth_configs_list":[],"isAuthorized":"NA","v2":[]}[0m
2024-09-24 10:46:17.867 +0530 [debug] ([34mevent.js[0m) [31mFound ["onTicketCreateHandler"] as exported functions.[0m
2024-09-24 10:46:57.487 +0530 [debug] ([34miframe.js[0m) [31mChecking is authorized for all oauths [0m
2024-09-24 10:46:57.489 +0530 [debug] ([34mdata.js[0m) [31mRead {"report_hash":"625aaf5649652741dee6152a35b6daa1d51776ec4a2b67a8d38ce9d5a1b88408"}[0m
2024-09-24 10:46:57.489 +0530 [debug] ([34miframe.js[0m) [31mResponding to product with {"configs":{},"displayName":"fdkMiddleware","product":{"freshservice":{"events":{"onTicketCreate":{"handler":"onTicketCreateHandler"}}}},"modules":{},"features":["db","backend"],"actions":false,"omni":false,"products":["freshservice"],"platform":"2.3","isInstall":false,"oauth_configs_list":[],"isAuthorized":"NA","v2":[]}[0m
2024-09-24 10:46:57.490 +0530 [debug] ([34mdata.js[0m) [31mRead {"report_hash":"625aaf5649652741dee6152a35b6daa1d51776ec4a2b67a8d38ce9d5a1b88408"}[0m
2024-09-24 10:46:57.492 +0530 [debug] ([34miframe.js[0m) [31mChecking is authorized for all oauths [0m
2024-09-24 10:46:57.492 +0530 [debug] ([34mdata.js[0m) [31mRead {"report_hash":"625aaf5649652741dee6152a35b6daa1d51776ec4a2b67a8d38ce9d5a1b88408"}[0m
2024-09-24 10:46:57.492 +0530 [debug] ([34miframe.js[0m) [31mResponding to product with {"configs":{},"displayName":"fdkMiddleware","product":{"freshservice":{"events":{"onTicketCreate":{"handler":"onTicketCreateHandler"}}}},"modules":{},"features":["db","backend"],"actions":false,"omni":false,"products":["freshservice"],"platform":"2.3","isInstall":false,"oauth_configs_list":[],"isAuthorized":"NA","v2":[]}[0m
2024-09-24 10:46:58.492 +0530 [debug] ([34mevent.js[0m) [31mFound ["onTicketCreateHandler"] as exported functions.[0m
2024-09-24 10:47:01.581 +0530 [debug] ([34mdata.js[0m) [31mRead {"report_hash":"625aaf5649652741dee6152a35b6daa1d51776ec4a2b67a8d38ce9d5a1b88408"}[0m
2024-09-24 10:47:01.581 +0530 [debug] ([34mbeevents.js[0m) [31mUsing {} as iparams for testing.[0m
2024-09-24 10:47:01.581 +0530 [debug] ([34mdata.js[0m) [31mRead {"report_hash":"625aaf5649652741dee6152a35b6daa1d51776ec4a2b67a8d38ce9d5a1b88408"}[0m
2024-09-24 10:47:01.581 +0530 [debug] ([34mbeevents.js[0m) [31mUsing {} as app settings for testing.[0m
2024-09-24 10:47:01.582 +0530 [debug] ([34mbeevents.js[0m) [31mCalling event handler with {"categoryName":"productEvent","categoryArgs":{"methodName":"onTicketCreate","methodParams":{"account_id":"1","domain":"sample.freshservice.com","timestamp":1496400354326,"region":"US","event":"onTicketCreate","data":{"ticket":{"subject":"Support Needed...","description":"<div>Some details on the issue ..</div>","is_description_html_truncated":false,"description_text":"Some details on the issue ...","is_description_text_truncated":false,"due_by":"2015-07-14T13:08:06Z","fr_due_by":"2015-07-14T13:08:06Z","fr_escalated":false,"is_escalated":false,"fwd_emails":["charles@freshservice.com","diana@freshservice.com"],"reply_cc_emails":["charles@freshservice.com","diana@freshservice.com"],"email_config_id":77123,"id":1,"group_id":351,"group_name":"Service Desk","department_id":2,"department_name":"HR","requester_id":5483,"requester_name":"Rachel","responder_id":320,"responder_email":"andrea@freshservice.com","responder_name":"Andrea","status":2,"status_name":"Open","priority":1,"priority_name":"Low","urgency":1,"urgency_name":"Low","impact":1,"impact_name":"Low","type":1,"type_name":"Incident","tags":["sales","marketing"],"spam":false,"source":2,"source_name":"Portal","category":"Hardware","sub_category":"Laptop","item_category":"Mac","cc_emails":["ram@freshservice.com","diana@freshservice.com"],"created_at":"2015-07-09T13:08:06Z","updated_at":"2015-07-09T13:08:06Z","attachments":[{"name":"sample.jpg","attachment_url":"https://s3.amazonaws.com/cdn.freshservice.com/data/helpdesk/attachments/production/9019290053/original/sample.jpg"}],"problem":{"id":1223,"name":"Problem in..."},"change":{"id":13442,"name":"Change for..."},"associated_changes":[{"id":1234,"name":"Test change 1234"},{"id":5678,"name":"Test change 5678"}],"assets":[{"asset_id":1,"asset_name":"Laptop","asset_impact":"High"}],"custom_fields":[{"name":"Org code","label":"Org code","column":"ffs_04","type":"dropdown","value":"XMO_12"},{"name":"RCA","label":"RCA","column":"ffs_05","type":"dropdown","value":"fix steps were..."}],"workspace_id":2,"workspace_name":"IT"},"requester":{"id":5483,"name":"Rachel","email":"rachel@freshservice.com","mobile":7654367287,"phone":4352789885,"language":"en","created_at":"2015-03-28T09:08:16Z"},"actor":{"profile_id":27000015175}},"iparams":{},"app_settings":{}}}}[0m
2024-09-24 10:47:01.582 +0530 [debug] ([34mcoverage.js[0m) [31mInstrumenting /Users/maanaeshswamy/fdkMiddleware/server/server.js[0m
2024-09-24 10:47:02.127 +0530 [debug] ([34mcoverage.js[0m) [31mWriting coverage.[0m
2024-09-24 10:50:17.151 +0530 [debug] ([34mconfigs.js[0m) [31mloaded default configs as "{"updates":{"manifest_url":"https://cdn.freshdev.io/assets/fdk/updates.json","period":24},"log":{"level":"info"},"javascript":{"ecma_version":2020},"request":{"timeout":15000},"global_apps":{"enabled":false},"easel":{"enabled":false}}"[0m
2024-09-24 10:50:17.152 +0530 [debug] ([34mconfigs.js[0m) [31mloaded global configs as "{"request":{"timeout":15000}}"[0m
2024-09-24 10:50:17.152 +0530 [debug] ([34mconfigs.js[0m) [31mloaded local configs as "{"request":{"timeout":15000}}"[0m
2024-09-24 10:50:17.152 +0530 [debug] ([34mconfigs.js[0m) [31mloaded env configs as "{"updates":{},"log":{},"javascript":{},"request":{"timeout":15000}}"[0m
2024-09-24 10:50:17.152 +0530 [debug] ([34mconfigs.js[0m) [31mloaded resolved configs as "{"updates":{"manifest_url":"https://cdn.freshdev.io/assets/fdk/updates.json","period":24},"log":{"level":"info"},"javascript":{"ecma_version":2020},"request":{"timeout":15000},"global_apps":{"enabled":false},"easel":{"enabled":false}}"[0m
2024-09-24 10:50:17.152 +0530 [debug] ([34mlogger.js[0m) [31mStarting FDK in node v18.20.4 on darwin[0m
2024-09-24 10:50:17.152 +0530 [debug] ([34msequelize.js[0m) [31msetting up sqilite at "/Users/maanaeshswamy/middleware/fdkMiddleware/.fdk/store.sqlite"[0m
2024-09-24 10:50:17.152 +0530 [debug] ([34mdata.js[0m) [31mRead {"version_details":{"cli":{"deprecated":{"version":"<9","message":"This FDK version has been deprecated. There will be no further feature updates to this version. For a seamless app-building experience, ensure to move to the latest FDK version. For more information, see https://developers.freshworks.com/docs/app-sdk/v2.3/freshdesk/migration-guide/#migrate-to-the-latest-platform-version."},"forced":{"version":"7.0.0","command":"npm install https://dl.freshdev.io/cli/fdk-7.0.0.tgz -g","message":"Your FDK version has been forced updated to v7.0.0, please visit https://community.developers.freshworks.com/t/fdk-v7-0-announcing-node-js-v12-and-es6-support/3606 to know more"},"latest":{"version":"9.2.0","command":"npm install https://cdn.freshdev.io/fdk/latest.tgz -g","message":"You are on the latest FDK version. For information on the features available as part of this FDK version, see https://developers.freshworks.com/docs/?tab=modules."}},"addon":{"version":"2.0.4","url":"https://cdn.freshdev.io/assets/fdk/addons/addon.zip"}},"last_updated":{"time_stamp":1727154496133}}[0m
2024-09-24 10:50:17.152 +0530 [debug] ([34mupdater.js[0m) [31mlast check less than 24 hours ago, not looking for updates[0m
2024-09-24 10:50:17.154 +0530 [debug] ([34mindex.js[0m) [31mrunning with opts {}[0m
2024-09-24 10:50:17.249 +0530 [debug] ([34mdata.js[0m) [31mRead {"version_details":{"cli":{"deprecated":{"version":"<9","message":"This FDK version has been deprecated. There will be no further feature updates to this version. For a seamless app-building experience, ensure to move to the latest FDK version. For more information, see https://developers.freshworks.com/docs/app-sdk/v2.3/freshdesk/migration-guide/#migrate-to-the-latest-platform-version."},"forced":{"version":"7.0.0","command":"npm install https://dl.freshdev.io/cli/fdk-7.0.0.tgz -g","message":"Your FDK version has been forced updated to v7.0.0, please visit https://community.developers.freshworks.com/t/fdk-v7-0-announcing-node-js-v12-and-es6-support/3606 to know more"},"latest":{"version":"9.2.0","command":"npm install https://cdn.freshdev.io/fdk/latest.tgz -g","message":"You are on the latest FDK version. For information on the features available as part of this FDK version, see https://developers.freshworks.com/docs/?tab=modules."}},"addon":{"version":"2.0.4","url":"https://cdn.freshdev.io/assets/fdk/addons/addon.zip"}},"last_updated":{"time_stamp":1727154496133}}[0m
2024-09-24 10:50:17.250 +0530 [debug] ([34mmanifest.js[0m) [31mReloading manifest with {"platform-version":"2.3","product":{"freshservice":{"events":{"onTicketCreate":{"handler":"onTicketCreateHandler"}}}},"engines":{"node":"18.20.4","fdk":"9.2.0"},"dependencies":{"axios":"0.21.1"}}.[0m
2024-09-24 10:50:17.250 +0530 [debug] ([34mmanifest.js[0m) [31mInferred db,backend as features.[0m
2024-09-24 10:50:17.258 +0530 [debug] ([34mdata.js[0m) [31mRead {"version_details":{"cli":{"deprecated":{"version":"<9","message":"This FDK version has been deprecated. There will be no further feature updates to this version. For a seamless app-building experience, ensure to move to the latest FDK version. For more information, see https://developers.freshworks.com/docs/app-sdk/v2.3/freshdesk/migration-guide/#migrate-to-the-latest-platform-version."},"forced":{"version":"7.0.0","command":"npm install https://dl.freshdev.io/cli/fdk-7.0.0.tgz -g","message":"Your FDK version has been forced updated to v7.0.0, please visit https://community.developers.freshworks.com/t/fdk-v7-0-announcing-node-js-v12-and-es6-support/3606 to know more"},"latest":{"version":"9.2.0","command":"npm install https://cdn.freshdev.io/fdk/latest.tgz -g","message":"You are on the latest FDK version. For information on the features available as part of this FDK version, see https://developers.freshworks.com/docs/?tab=modules."}},"addon":{"version":"2.0.4","url":"https://cdn.freshdev.io/assets/fdk/addons/addon.zip"}},"last_updated":{"time_stamp":1727154496133}}[0m
2024-09-24 10:50:17.728 +0530 [debug] ([34mdata.js[0m) [31mRead {"version_details":{"cli":{"deprecated":{"version":"<9","message":"This FDK version has been deprecated. There will be no further feature updates to this version. For a seamless app-building experience, ensure to move to the latest FDK version. For more information, see https://developers.freshworks.com/docs/app-sdk/v2.3/freshdesk/migration-guide/#migrate-to-the-latest-platform-version."},"forced":{"version":"7.0.0","command":"npm install https://dl.freshdev.io/cli/fdk-7.0.0.tgz -g","message":"Your FDK version has been forced updated to v7.0.0, please visit https://community.developers.freshworks.com/t/fdk-v7-0-announcing-node-js-v12-and-es6-support/3606 to know more"},"latest":{"version":"9.2.0","command":"npm install https://cdn.freshdev.io/fdk/latest.tgz -g","message":"You are on the latest FDK version. For information on the features available as part of this FDK version, see https://developers.freshworks.com/docs/?tab=modules."}},"addon":{"version":"2.0.4","url":"https://cdn.freshdev.io/assets/fdk/addons/addon.zip"}},"last_updated":{"time_stamp":1727154496133}}[0m
2024-09-24 10:50:18.034 +0530 [debug] ([34mvalidate.js[0m) [31masked to skip the following validations, [0m
2024-09-24 10:50:18.034 +0530 [debug] ([34mvalidate.js[0m) [31mrunning validator actions[0m
2024-09-24 10:50:18.034 +0530 [debug] ([34mvalidate.js[0m) [31mrunning validator requests[0m
2024-09-24 10:50:18.034 +0530 [debug] ([34mvalidate.js[0m) [31mrunning validator app-dir[0m
2024-09-24 10:50:18.034 +0530 [debug] ([34mvalidate.js[0m) [31mrunning validator config-dir[0m
2024-09-24 10:50:18.034 +0530 [debug] ([34mconfig-dir.js[0m) [31mChecking to see if /Users/maanaeshswamy/middleware/fdkMiddleware/config/ exists.[0m
2024-09-24 10:50:18.035 +0530 [debug] ([34mconfig-dir.js[0m) [31mFetched the following config files iparams.json[0m
2024-09-24 10:50:18.035 +0530 [debug] ([34mvalidate.js[0m) [31mrunning validator custom-objects[0m
2024-09-24 10:50:18.035 +0530 [debug] ([34mvalidate.js[0m) [31mrunning validator event[0m
2024-09-24 10:50:18.038 +0530 [debug] ([34mevent.js[0m) [31mFound ["onTicketCreateHandler"] as exported functions.[0m
2024-09-24 10:50:18.038 +0530 [debug] ([34mvalidate.js[0m) [31mrunning validator iparam[0m
2024-09-24 10:50:18.039 +0530 [debug] ([34mvalidate.js[0m) [31mrunning validator lint[0m
2024-09-24 10:50:18.039 +0530 [debug] ([34mlint.js[0m) [31mpassed fix flag: undefined[0m
2024-09-24 10:50:18.039 +0530 [debug] ([34mlint.js[0m) [31mRunning the following lints on the file server/lib/handle-response.js : no-caller,no-process-env,complexity,max-nested-callbacks,handle-callback-err,no-eval,no-alert,no-debugger,no-unreachable,no-unpkg-cdn,no-unhandled-promise,no-logging-rejections,no-non-client-request-model,no-deprecated-apis,no-proxy-requests,no-dependency-mismatch,no-empty-function,no-unused-vars[0m
2024-09-24 10:50:18.051 +0530 [debug] ([34mlint.js[0m) [31mRunning the following lints on the file server/server.js : no-caller,no-process-env,complexity,max-nested-callbacks,handle-callback-err,no-eval,no-alert,no-debugger,no-unreachable,no-unpkg-cdn,no-unhandled-promise,no-logging-rejections,no-non-client-request-model,no-deprecated-apis,no-proxy-requests,no-dependency-mismatch,no-empty-function,no-unused-vars[0m
2024-09-24 10:50:18.053 +0530 [debug] ([34mvalidate.js[0m) [31mrunning validator manifest[0m
2024-09-24 10:50:18.053 +0530 [debug] ([34mvalidate.js[0m) [31mskipping validator manifest-dependency[0m
2024-09-24 10:50:18.053 +0530 [debug] ([34mvalidate.js[0m) [31mrunning validator oauth[0m
2024-09-24 10:50:18.053 +0530 [debug] ([34mvalidate.js[0m) [31mskipping validator pkgsize[0m
2024-09-24 10:50:18.053 +0530 [debug] ([34mvalidate.js[0m) [31mrunning validator schema[0m
2024-09-24 10:50:18.053 +0530 [debug] ([34mvalidate.js[0m) [31mrunning validator version-check[0m
2024-09-24 10:50:18.053 +0530 [debug] ([34mvalidate.js[0m) [31mrunning validator app-settings[0m
2024-09-24 10:50:18.054 +0530 [debug] ([34mwatcher.js[0m) [31mPreparing to watch the following files ./config,./manifest.json[0m
2024-09-24 10:50:18.056 +0530 [debug] ([34minstall.js[0m) [31mdependency installer called with {"axios":"0.21.1"}[0m
2024-09-24 10:50:18.117 +0530 [debug] ([34minstall.js[0m) [31mPreparing to install the following dependencies axios@0.21.1[0m
2024-09-24 10:50:18.117 +0530 [info] Installing dependencies...
2024-09-24 10:50:18.620 +0530 [debug] ([34mdata.js[0m) [31mRead {"report_hash":"625aaf5649652741dee6152a35b6daa1d51776ec4a2b67a8d38ce9d5a1b88408"}[0m
2024-09-24 10:50:18.620 +0530 [debug] ([34mcustom-objects.js[0m) [31mto force or not? undefined[0m
2024-09-24 10:50:18.620 +0530 [debug] ([34mcustom-objects.js[0m) [31mbeginning to re-sync db[0m
2024-09-24 10:50:18.692 +0530 [debug] ([34mindex.js[0m) [31mloading model at "/Users/maanaeshswamy/.nvm/versions/node/v18.20.4/lib/node_modules/fdk/lib/models/bigint-pivot.js"[0m
2024-09-24 10:50:18.692 +0530 [debug] ([34mindex.js[0m) [31mloading model at "/Users/maanaeshswamy/.nvm/versions/node/v18.20.4/lib/node_modules/fdk/lib/models/entity-field-choice.js"[0m
2024-09-24 10:50:18.693 +0530 [debug] ([34mindex.js[0m) [31mloading model at "/Users/maanaeshswamy/.nvm/versions/node/v18.20.4/lib/node_modules/fdk/lib/models/entity-field.js"[0m
2024-09-24 10:50:18.693 +0530 [debug] ([34mindex.js[0m) [31mloading model at "/Users/maanaeshswamy/.nvm/versions/node/v18.20.4/lib/node_modules/fdk/lib/models/entity.js"[0m
2024-09-24 10:50:18.693 +0530 [debug] ([34mindex.js[0m) [31mloading model at "/Users/maanaeshswamy/.nvm/versions/node/v18.20.4/lib/node_modules/fdk/lib/models/record.js"[0m
2024-09-24 10:50:18.694 +0530 [debug] ([34mindex.js[0m) [31mloading model at "/Users/maanaeshswamy/.nvm/versions/node/v18.20.4/lib/node_modules/fdk/lib/models/string-pivot.js"[0m
2024-09-24 10:50:18.699 +0530 [debug] ([34mdata.js[0m) [31mRead {"report_hash":"625aaf5649652741dee6152a35b6daa1d51776ec4a2b67a8d38ce9d5a1b88408"}[0m
2024-09-24 10:50:18.700 +0530 [debug] ([34mcustom-objects.js[0m) [31mupdated local store with latest entity hash[0m
2024-09-24 10:50:18.700 +0530 [info] Starting local testing server at http://*:10001/    
Append 'dev=true' to your Freshservice account URL to start testing    
e.g. https://domain.freshservice.com/helpdesk/tickets/1?dev=true    
Quit the server with Control-C.
2024-09-24 10:50:18.700 +0530 [info] 
To simulate product, app setup, and external events, visit - http://localhost:10001/web/test
2024-09-24 10:50:18.700 +0530 [info] Populating test data with events found in the app
2024-09-24 10:53:20.744 +0530 [debug] ([34mconfigs.js[0m) [31mloaded default configs as "{"updates":{"manifest_url":"https://cdn.freshdev.io/assets/fdk/updates.json","period":24},"log":{"level":"info"},"javascript":{"ecma_version":2020},"request":{"timeout":15000},"global_apps":{"enabled":false},"easel":{"enabled":false}}"[0m
2024-09-24 10:53:20.745 +0530 [debug] ([34mconfigs.js[0m) [31mloaded global configs as "{"request":{"timeout":15000}}"[0m
2024-09-24 10:53:20.745 +0530 [debug] ([34mconfigs.js[0m) [31mloaded local configs as "{"request":{"timeout":15000}}"[0m
2024-09-24 10:53:20.745 +0530 [debug] ([34mconfigs.js[0m) [31mloaded env configs as "{"updates":{},"log":{},"javascript":{},"request":{"timeout":15000}}"[0m
2024-09-24 10:53:20.745 +0530 [debug] ([34mconfigs.js[0m) [31mloaded resolved configs as "{"updates":{"manifest_url":"https://cdn.freshdev.io/assets/fdk/updates.json","period":24},"log":{"level":"info"},"javascript":{"ecma_version":2020},"request":{"timeout":15000},"global_apps":{"enabled":false},"easel":{"enabled":false}}"[0m
2024-09-24 10:53:20.745 +0530 [debug] ([34mlogger.js[0m) [31mStarting FDK in node v18.20.4 on darwin[0m
2024-09-24 10:53:20.745 +0530 [debug] ([34msequelize.js[0m) [31msetting up sqilite at "/Users/maanaeshswamy/FreshService-Middleware/fdkMiddleware/.fdk/store.sqlite"[0m
2024-09-24 10:53:20.746 +0530 [debug] ([34mdata.js[0m) [31mRead {"version_details":{"cli":{"deprecated":{"version":"<9","message":"This FDK version has been deprecated. There will be no further feature updates to this version. For a seamless app-building experience, ensure to move to the latest FDK version. For more information, see https://developers.freshworks.com/docs/app-sdk/v2.3/freshdesk/migration-guide/#migrate-to-the-latest-platform-version."},"forced":{"version":"7.0.0","command":"npm install https://dl.freshdev.io/cli/fdk-7.0.0.tgz -g","message":"Your FDK version has been forced updated to v7.0.0, please visit https://community.developers.freshworks.com/t/fdk-v7-0-announcing-node-js-v12-and-es6-support/3606 to know more"},"latest":{"version":"9.2.0","command":"npm install https://cdn.freshdev.io/fdk/latest.tgz -g","message":"You are on the latest FDK version. For information on the features available as part of this FDK version, see https://developers.freshworks.com/docs/?tab=modules."}},"addon":{"version":"2.0.4","url":"https://cdn.freshdev.io/assets/fdk/addons/addon.zip"}},"last_updated":{"time_stamp":1727154496133}}[0m
2024-09-24 10:53:20.746 +0530 [debug] ([34mupdater.js[0m) [31mlast check less than 24 hours ago, not looking for updates[0m
2024-09-24 10:53:20.747 +0530 [debug] ([34mindex.js[0m) [31mrunning with opts {}[0m
2024-09-24 10:53:20.834 +0530 [debug] ([34mdata.js[0m) [31mRead {"version_details":{"cli":{"deprecated":{"version":"<9","message":"This FDK version has been deprecated. There will be no further feature updates to this version. For a seamless app-building experience, ensure to move to the latest FDK version. For more information, see https://developers.freshworks.com/docs/app-sdk/v2.3/freshdesk/migration-guide/#migrate-to-the-latest-platform-version."},"forced":{"version":"7.0.0","command":"npm install https://dl.freshdev.io/cli/fdk-7.0.0.tgz -g","message":"Your FDK version has been forced updated to v7.0.0, please visit https://community.developers.freshworks.com/t/fdk-v7-0-announcing-node-js-v12-and-es6-support/3606 to know more"},"latest":{"version":"9.2.0","command":"npm install https://cdn.freshdev.io/fdk/latest.tgz -g","message":"You are on the latest FDK version. For information on the features available as part of this FDK version, see https://developers.freshworks.com/docs/?tab=modules."}},"addon":{"version":"2.0.4","url":"https://cdn.freshdev.io/assets/fdk/addons/addon.zip"}},"last_updated":{"time_stamp":1727154496133}}[0m
2024-09-24 10:53:20.835 +0530 [debug] ([34mmanifest.js[0m) [31mReloading manifest with {"platform-version":"2.3","product":{"freshservice":{"events":{"onTicketCreate":{"handler":"onTicketCreateHandler"}}}},"engines":{"node":"18.20.4","fdk":"9.2.0"},"dependencies":{"axios":"0.21.1"}}.[0m
2024-09-24 10:53:20.835 +0530 [debug] ([34mmanifest.js[0m) [31mInferred db,backend as features.[0m
2024-09-24 10:53:20.844 +0530 [debug] ([34mdata.js[0m) [31mRead {"version_details":{"cli":{"deprecated":{"version":"<9","message":"This FDK version has been deprecated. There will be no further feature updates to this version. For a seamless app-building experience, ensure to move to the latest FDK version. For more information, see https://developers.freshworks.com/docs/app-sdk/v2.3/freshdesk/migration-guide/#migrate-to-the-latest-platform-version."},"forced":{"version":"7.0.0","command":"npm install https://dl.freshdev.io/cli/fdk-7.0.0.tgz -g","message":"Your FDK version has been forced updated to v7.0.0, please visit https://community.developers.freshworks.com/t/fdk-v7-0-announcing-node-js-v12-and-es6-support/3606 to know more"},"latest":{"version":"9.2.0","command":"npm install https://cdn.freshdev.io/fdk/latest.tgz -g","message":"You are on the latest FDK version. For information on the features available as part of this FDK version, see https://developers.freshworks.com/docs/?tab=modules."}},"addon":{"version":"2.0.4","url":"https://cdn.freshdev.io/assets/fdk/addons/addon.zip"}},"last_updated":{"time_stamp":1727154496133}}[0m
2024-09-24 10:53:21.280 +0530 [debug] ([34mdata.js[0m) [31mRead {"version_details":{"cli":{"deprecated":{"version":"<9","message":"This FDK version has been deprecated. There will be no further feature updates to this version. For a seamless app-building experience, ensure to move to the latest FDK version. For more information, see https://developers.freshworks.com/docs/app-sdk/v2.3/freshdesk/migration-guide/#migrate-to-the-latest-platform-version."},"forced":{"version":"7.0.0","command":"npm install https://dl.freshdev.io/cli/fdk-7.0.0.tgz -g","message":"Your FDK version has been forced updated to v7.0.0, please visit https://community.developers.freshworks.com/t/fdk-v7-0-announcing-node-js-v12-and-es6-support/3606 to know more"},"latest":{"version":"9.2.0","command":"npm install https://cdn.freshdev.io/fdk/latest.tgz -g","message":"You are on the latest FDK version. For information on the features available as part of this FDK version, see https://developers.freshworks.com/docs/?tab=modules."}},"addon":{"version":"2.0.4","url":"https://cdn.freshdev.io/assets/fdk/addons/addon.zip"}},"last_updated":{"time_stamp":1727154496133}}[0m
2024-09-24 10:53:21.627 +0530 [debug] ([34mvalidate.js[0m) [31masked to skip the following validations, [0m
2024-09-24 10:53:21.627 +0530 [debug] ([34mvalidate.js[0m) [31mrunning validator actions[0m
2024-09-24 10:53:21.627 +0530 [debug] ([34mvalidate.js[0m) [31mrunning validator requests[0m
2024-09-24 10:53:21.627 +0530 [debug] ([34mvalidate.js[0m) [31mrunning validator app-dir[0m
2024-09-24 10:53:21.627 +0530 [debug] ([34mvalidate.js[0m) [31mrunning validator config-dir[0m
2024-09-24 10:53:21.627 +0530 [debug] ([34mconfig-dir.js[0m) [31mChecking to see if /Users/maanaeshswamy/FreshService-Middleware/fdkMiddleware/config/ exists.[0m
2024-09-24 10:53:21.627 +0530 [debug] ([34mconfig-dir.js[0m) [31mFetched the following config files iparams.json[0m
2024-09-24 10:53:21.627 +0530 [debug] ([34mvalidate.js[0m) [31mrunning validator custom-objects[0m
2024-09-24 10:53:21.627 +0530 [debug] ([34mvalidate.js[0m) [31mrunning validator event[0m
2024-09-24 10:53:21.630 +0530 [debug] ([34mevent.js[0m) [31mFound ["onTicketCreateHandler"] as exported functions.[0m
2024-09-24 10:53:21.631 +0530 [debug] ([34mvalidate.js[0m) [31mrunning validator iparam[0m
2024-09-24 10:53:21.631 +0530 [debug] ([34mvalidate.js[0m) [31mrunning validator lint[0m
2024-09-24 10:53:21.631 +0530 [debug] ([34mlint.js[0m) [31mpassed fix flag: undefined[0m
2024-09-24 10:53:21.632 +0530 [debug] ([34mlint.js[0m) [31mRunning the following lints on the file server/lib/handle-response.js : no-caller,no-process-env,complexity,max-nested-callbacks,handle-callback-err,no-eval,no-alert,no-debugger,no-unreachable,no-unpkg-cdn,no-unhandled-promise,no-logging-rejections,no-non-client-request-model,no-deprecated-apis,no-proxy-requests,no-dependency-mismatch,no-empty-function,no-unused-vars[0m
2024-09-24 10:53:21.644 +0530 [debug] ([34mlint.js[0m) [31mRunning the following lints on the file server/server.js : no-caller,no-process-env,complexity,max-nested-callbacks,handle-callback-err,no-eval,no-alert,no-debugger,no-unreachable,no-unpkg-cdn,no-unhandled-promise,no-logging-rejections,no-non-client-request-model,no-deprecated-apis,no-proxy-requests,no-dependency-mismatch,no-empty-function,no-unused-vars[0m
2024-09-24 10:53:21.646 +0530 [debug] ([34mvalidate.js[0m) [31mrunning validator manifest[0m
2024-09-24 10:53:21.646 +0530 [debug] ([34mvalidate.js[0m) [31mskipping validator manifest-dependency[0m
2024-09-24 10:53:21.646 +0530 [debug] ([34mvalidate.js[0m) [31mrunning validator oauth[0m
2024-09-24 10:53:21.646 +0530 [debug] ([34mvalidate.js[0m) [31mskipping validator pkgsize[0m
2024-09-24 10:53:21.646 +0530 [debug] ([34mvalidate.js[0m) [31mrunning validator schema[0m
2024-09-24 10:53:21.647 +0530 [debug] ([34mvalidate.js[0m) [31mrunning validator version-check[0m
2024-09-24 10:53:21.647 +0530 [debug] ([34mvalidate.js[0m) [31mrunning validator app-settings[0m
2024-09-24 10:53:21.648 +0530 [debug] ([34mwatcher.js[0m) [31mPreparing to watch the following files ./config,./manifest.json[0m
2024-09-24 10:53:21.649 +0530 [debug] ([34minstall.js[0m) [31mdependency installer called with {"axios":"0.21.1"}[0m
2024-09-24 10:53:21.674 +0530 [debug] ([34minstall.js[0m) [31mPreparing to install the following dependencies axios@0.21.1[0m
2024-09-24 10:53:21.674 +0530 [info] Installing dependencies...
2024-09-24 10:53:22.444 +0530 [debug] ([34mdata.js[0m) [31mRead {"report_hash":"625aaf5649652741dee6152a35b6daa1d51776ec4a2b67a8d38ce9d5a1b88408"}[0m
2024-09-24 10:53:22.444 +0530 [debug] ([34mcustom-objects.js[0m) [31mto force or not? undefined[0m
2024-09-24 10:53:22.444 +0530 [debug] ([34mcustom-objects.js[0m) [31mbeginning to re-sync db[0m
2024-09-24 10:53:22.515 +0530 [debug] ([34mindex.js[0m) [31mloading model at "/Users/maanaeshswamy/.nvm/versions/node/v18.20.4/lib/node_modules/fdk/lib/models/bigint-pivot.js"[0m
2024-09-24 10:53:22.516 +0530 [debug] ([34mindex.js[0m) [31mloading model at "/Users/maanaeshswamy/.nvm/versions/node/v18.20.4/lib/node_modules/fdk/lib/models/entity-field-choice.js"[0m
2024-09-24 10:53:22.517 +0530 [debug] ([34mindex.js[0m) [31mloading model at "/Users/maanaeshswamy/.nvm/versions/node/v18.20.4/lib/node_modules/fdk/lib/models/entity-field.js"[0m
2024-09-24 10:53:22.517 +0530 [debug] ([34mindex.js[0m) [31mloading model at "/Users/maanaeshswamy/.nvm/versions/node/v18.20.4/lib/node_modules/fdk/lib/models/entity.js"[0m
2024-09-24 10:53:22.518 +0530 [debug] ([34mindex.js[0m) [31mloading model at "/Users/maanaeshswamy/.nvm/versions/node/v18.20.4/lib/node_modules/fdk/lib/models/record.js"[0m
2024-09-24 10:53:22.518 +0530 [debug] ([34mindex.js[0m) [31mloading model at "/Users/maanaeshswamy/.nvm/versions/node/v18.20.4/lib/node_modules/fdk/lib/models/string-pivot.js"[0m
2024-09-24 10:53:22.524 +0530 [debug] ([34mdata.js[0m) [31mRead {"report_hash":"625aaf5649652741dee6152a35b6daa1d51776ec4a2b67a8d38ce9d5a1b88408"}[0m
2024-09-24 10:53:22.524 +0530 [debug] ([34mcustom-objects.js[0m) [31mupdated local store with latest entity hash[0m
2024-09-24 10:53:22.524 +0530 [info] Starting local testing server at http://*:10001/    
Append 'dev=true' to your Freshservice account URL to start testing    
e.g. https://domain.freshservice.com/helpdesk/tickets/1?dev=true    
Quit the server with Control-C.
2024-09-24 10:53:22.525 +0530 [info] 
To simulate product, app setup, and external events, visit - http://localhost:10001/web/test
2024-09-24 10:53:22.525 +0530 [info] Populating test data with events found in the app
